;  LST file generated by mikroListExporter - v.2.0 
; Date/Time: 7/17/2020 1:34:49 PM
;----------------------------------------------

;Address Opcode 	ASM
0x0000	0x2CB5      	GOTO       1205
_interrupt:
0x0004	0x00FF      	MOVWF      R15
0x0005	0x0E03      	SWAPF      STATUS, 0
0x0006	0x0183      	CLRF       STATUS
0x0007	0x00EC      	MOVWF      ___saveSTATUS
0x0008	0x080A      	MOVF       PCLATH, 0
0x0009	0x00ED      	MOVWF      ___savePCLATH
0x000A	0x018A      	CLRF       PCLATH
0x000B	0x0870      	MOVF       R0, 0
0x000C	0x00A7      	MOVWF      39
0x000D	0x0871      	MOVF       R1, 0
0x000E	0x00A6      	MOVWF      38
0x000F	0x0872      	MOVF       R2, 0
0x0010	0x00A5      	MOVWF      37
0x0011	0x0874      	MOVF       R4, 0
0x0012	0x00A4      	MOVWF      36
0x0013	0x0875      	MOVF       R5, 0
0x0014	0x00A3      	MOVWF      35
0x0015	0x0878      	MOVF       R8, 0
0x0016	0x00A2      	MOVWF      34
0x0017	0x0879      	MOVF       R9, 0
0x0018	0x00A1      	MOVWF      33
0x0019	0x087C      	MOVF       R12, 0
0x001A	0x00A0      	MOVWF      32
;Elec_water.c,40 :: 		void interrupt() {
;Elec_water.c,41 :: 		TMR0 = 155;                          // every time enter the interrupt restart the 1 ms
0x001B	0x309B      	MOVLW      155
0x001C	0x0081      	MOVWF      TMR0
;Elec_water.c,43 :: 		if(Temp_Setting==Temp_Setting_ON){     // if the setting mode is on start count for the 5 s
0x001D	0x0832      	MOVF       _Temp_Setting, 0
0x001E	0x3A01      	XORLW      1
0x001F	0x1D03      	BTFSS      STATUS, 2
0x0020	0x282D      	GOTO       L_interrupt0
;Elec_water.c,44 :: 		cnt_5s_Flag++;
0x0021	0x084F      	MOVF       _cnt_5s_Flag, 0
0x0022	0x3E01      	ADDLW      1
0x0023	0x00F0      	MOVWF      R0
0x0024	0x3000      	MOVLW      0
0x0025	0x1803      	BTFSC      STATUS, 0
0x0026	0x3E01      	ADDLW      1
0x0027	0x0750      	ADDWF      _cnt_5s_Flag+1, 0
0x0028	0x00F1      	MOVWF      R0+1
0x0029	0x0870      	MOVF       R0, 0
0x002A	0x00CF      	MOVWF      _cnt_5s_Flag
0x002B	0x0871      	MOVF       R0+1, 0
0x002C	0x00D0      	MOVWF      _cnt_5s_Flag+1
;Elec_water.c,46 :: 		}
L_interrupt0:
;Elec_water.c,48 :: 		if( TempSet_Flag==1){      // if the heater start to work ..counter flag start counting
0x002D	0x082C      	MOVF       _TempSet_Flag, 0
0x002E	0x3A01      	XORLW      1
0x002F	0x1D03      	BTFSS      STATUS, 2
0x0030	0x2835      	GOTO       L_interrupt1
;Elec_water.c,49 :: 		cnt_Temp_Read_Flag++;
0x0031	0x0A2B      	INCF       _cnt_Temp_Read_Flag, 0
0x0032	0x00F0      	MOVWF      R0
0x0033	0x0870      	MOVF       R0, 0
0x0034	0x00AB      	MOVWF      _cnt_Temp_Read_Flag
;Elec_water.c,51 :: 		}
L_interrupt1:
;Elec_water.c,52 :: 		if( flag_heat_element_on==1)  // if heater element is on flag start to flash heater led
0x0035	0x084E      	MOVF       _flag_heat_element_on, 0
0x0036	0x3A01      	XORLW      1
0x0037	0x1D03      	BTFSS      STATUS, 2
0x0038	0x283C      	GOTO       L_interrupt2
;Elec_water.c,54 :: 		HEAT_Read_Flag++;
0x0039	0x0AB3      	INCF       _HEAT_Read_Flag, 1
0x003A	0x1903      	BTFSC      STATUS, 2
0x003B	0x0AB4      	INCF       _HEAT_Read_Flag+1, 1
;Elec_water.c,55 :: 		}
L_interrupt2:
;Elec_water.c,58 :: 		if((cnt_5s_Flag%1000)==0){     // ever 1000 ms = 1s the heater led is toggled or flash
0x003C	0x30E8      	MOVLW      232
0x003D	0x00F4      	MOVWF      R4
0x003E	0x3003      	MOVLW      3
0x003F	0x00F5      	MOVWF      R4+1
0x0040	0x084F      	MOVF       _cnt_5s_Flag, 0
0x0041	0x00F0      	MOVWF      R0
0x0042	0x0850      	MOVF       _cnt_5s_Flag+1, 0
0x0043	0x00F1      	MOVWF      R0+1
0x0044	0x22D1      	CALL       _Div_16X16_U
0x0045	0x0878      	MOVF       R8, 0
0x0046	0x00F0      	MOVWF      R0
0x0047	0x0879      	MOVF       R8+1, 0
0x0048	0x00F1      	MOVWF      R0+1
0x0049	0x3000      	MOVLW      0
0x004A	0x0671      	XORWF      R0+1, 0
0x004B	0x1D03      	BTFSS      STATUS, 2
0x004C	0x284F      	GOTO       L__interrupt59
0x004D	0x3000      	MOVLW      0
0x004E	0x0670      	XORWF      R0, 0
L__interrupt59:
0x004F	0x1D03      	BTFSS      STATUS, 2
0x0050	0x2853      	GOTO       L_interrupt3
;Elec_water.c,59 :: 		Display_delay_Flag^=1;
0x0051	0x3001      	MOVLW      1
0x0052	0x06AE      	XORWF      _Display_delay_Flag, 1
;Elec_water.c,60 :: 		}
L_interrupt3:
;Elec_water.c,62 :: 		if(cnt_5s_Flag==5000){        // check if the 5000ms=5 seconds are finished  turn off the setting mode and set flag to start heating or cooling
0x0053	0x0850      	MOVF       _cnt_5s_Flag+1, 0
0x0054	0x3A13      	XORLW      19
0x0055	0x1D03      	BTFSS      STATUS, 2
0x0056	0x2859      	GOTO       L__interrupt60
0x0057	0x3088      	MOVLW      136
0x0058	0x064F      	XORWF      _cnt_5s_Flag, 0
L__interrupt60:
0x0059	0x1D03      	BTFSS      STATUS, 2
0x005A	0x285E      	GOTO       L_interrupt4
;Elec_water.c,63 :: 		Temp_Setting=Temp_Setting_OFF;
0x005B	0x01B2      	CLRF       _Temp_Setting
;Elec_water.c,64 :: 		TempSet_Flag=1;                       // flag mean that temperature is set
0x005C	0x3001      	MOVLW      1
0x005D	0x00AC      	MOVWF      _TempSet_Flag
;Elec_water.c,65 :: 		}
L_interrupt4:
;Elec_water.c,67 :: 		if (cnt_Temp_Read_Flag==100){           // counter flag to read the water temperature every 100ms //every time after read in the main the flag cleared
0x005E	0x082B      	MOVF       _cnt_Temp_Read_Flag, 0
0x005F	0x3A64      	XORLW      100
0x0060	0x1D03      	BTFSS      STATUS, 2
0x0061	0x2865      	GOTO       L_interrupt5
;Elec_water.c,68 :: 		Temp_Read_Flag=1;                  //flag for read in the main
0x0062	0x3001      	MOVLW      1
0x0063	0x00AD      	MOVWF      _Temp_Read_Flag
;Elec_water.c,69 :: 		ADC_Start_Conv();                 // start conversion the ADC to reduce the delay when reading the value of ADC register
0x0064	0x242E      	CALL       _ADC_Start_Conv
;Elec_water.c,70 :: 		}
L_interrupt5:
;Elec_water.c,72 :: 		if ((HEAT_Read_Flag%1000)==0) {      //counter flag to flash the heater led every 1000ms=1s
0x0065	0x30E8      	MOVLW      232
0x0066	0x00F4      	MOVWF      R4
0x0067	0x3003      	MOVLW      3
0x0068	0x00F5      	MOVWF      R4+1
0x0069	0x0833      	MOVF       _HEAT_Read_Flag, 0
0x006A	0x00F0      	MOVWF      R0
0x006B	0x0834      	MOVF       _HEAT_Read_Flag+1, 0
0x006C	0x00F1      	MOVWF      R0+1
0x006D	0x22D1      	CALL       _Div_16X16_U
0x006E	0x0878      	MOVF       R8, 0
0x006F	0x00F0      	MOVWF      R0
0x0070	0x0879      	MOVF       R8+1, 0
0x0071	0x00F1      	MOVWF      R0+1
0x0072	0x3000      	MOVLW      0
0x0073	0x0671      	XORWF      R0+1, 0
0x0074	0x1D03      	BTFSS      STATUS, 2
0x0075	0x2878      	GOTO       L__interrupt61
0x0076	0x3000      	MOVLW      0
0x0077	0x0670      	XORWF      R0, 0
L__interrupt61:
0x0078	0x1D03      	BTFSS      STATUS, 2
0x0079	0x2886      	GOTO       L_interrupt6
;Elec_water.c,73 :: 		TOGGEL_Bit(PORTB,HEATER_LED );
0x007A	0x3010      	MOVLW      16
0x007B	0x0686      	XORWF      PORTB, 1
;Elec_water.c,75 :: 		if(HEAT_Read_Flag==60000){        //clear the counter flag to avoid the overflow as its size is 16 bit
0x007C	0x0834      	MOVF       _HEAT_Read_Flag+1, 0
0x007D	0x3AEA      	XORLW      234
0x007E	0x1D03      	BTFSS      STATUS, 2
0x007F	0x2882      	GOTO       L__interrupt62
0x0080	0x3060      	MOVLW      96
0x0081	0x0633      	XORWF      _HEAT_Read_Flag, 0
L__interrupt62:
0x0082	0x1D03      	BTFSS      STATUS, 2
0x0083	0x2886      	GOTO       L_interrupt7
;Elec_water.c,76 :: 		HEAT_Read_Flag=0;}
0x0084	0x01B3      	CLRF       _HEAT_Read_Flag
0x0085	0x01B4      	CLRF       _HEAT_Read_Flag+1
L_interrupt7:
;Elec_water.c,77 :: 		}
L_interrupt6:
;Elec_water.c,78 :: 		INTCON = 0x20;     // Bit T0IE is set, bit T0IF is cleared
0x0086	0x3020      	MOVLW      32
0x0087	0x008B      	MOVWF      INTCON
;Elec_water.c,79 :: 		}
L_end_interrupt:
L__interrupt58:
0x0088	0x0827      	MOVF       39, 0
0x0089	0x00F0      	MOVWF      R0
0x008A	0x0826      	MOVF       38, 0
0x008B	0x00F1      	MOVWF      R1
0x008C	0x0825      	MOVF       37, 0
0x008D	0x00F2      	MOVWF      R2
0x008E	0x0824      	MOVF       36, 0
0x008F	0x00F4      	MOVWF      R4
0x0090	0x0823      	MOVF       35, 0
0x0091	0x00F5      	MOVWF      R5
0x0092	0x0822      	MOVF       34, 0
0x0093	0x00F8      	MOVWF      R8
0x0094	0x0821      	MOVF       33, 0
0x0095	0x00F9      	MOVWF      R9
0x0096	0x0820      	MOVF       32, 0
0x0097	0x00FC      	MOVWF      R12
0x0098	0x086D      	MOVF       ___savePCLATH, 0
0x0099	0x008A      	MOVWF      PCLATH
0x009A	0x0E6C      	SWAPF      ___saveSTATUS, 0
0x009B	0x0083      	MOVWF      STATUS
0x009C	0x0EFF      	SWAPF      R15, 1
0x009D	0x0E7F      	SWAPF      R15, 0
0x009E	0x0009      	RETFIE
; end of _interrupt
_SPI1_Write:
;__Lib_SPI_c345.c,77 :: 		
;__Lib_SPI_c345.c,80 :: 		
0x009F	0x1283      	BCF        STATUS, 5
0x00A0	0x1303      	BCF        STATUS, 6
0x00A1	0x082A      	MOVF       FARG_SPI1_Write_data_, 0
0x00A2	0x0093      	MOVWF      SSPBUF
;__Lib_SPI_c345.c,81 :: 		
L_SPI1_Write8:
0x00A3	0x1683      	BSF        STATUS, 5
0x00A4	0x1814      	BTFSC      SSPSTAT, 0
0x00A5	0x28A8      	GOTO       L_SPI1_Write9
;__Lib_SPI_c345.c,82 :: 		
0x00A6	0x0000      	NOP
0x00A7	0x28A3      	GOTO       L_SPI1_Write8
L_SPI1_Write9:
;__Lib_SPI_c345.c,83 :: 		
0x00A8	0x1283      	BCF        STATUS, 5
0x00A9	0x0813      	MOVF       SSPBUF, 0
0x00AA	0x00F0      	MOVWF      R0
;__Lib_SPI_c345.c,84 :: 		
L_end_SPI1_Write:
0x00AB	0x0008      	RETURN
; end of _SPI1_Write
_____DoIFC:
;__Lib_System.c,15 :: 		
;__Lib_System.c,18 :: 		
0x00AC	0x1283      	BCF        STATUS, 5
0x00AD	0x1303      	BCF        STATUS, 6
0x00AE	0x086B      	MOVF       ___DoICPAddr+1, 0
0x00AF	0x008A      	MOVWF      PCLATH
;__Lib_System.c,19 :: 		
0x00B0	0x086A      	MOVF       ___DoICPAddr, 0
0x00B1	0x0082      	MOVWF      PCL
;__Lib_System.c,21 :: 		
L_end_____DoIFC:
0x00B2	0x0008      	RETURN
; end of _____DoIFC
_I2C1_Is_Idle:
;__Lib_I2C_c34.c,26 :: 		
;__Lib_I2C_c34.c,27 :: 		
0x00B3	0x1683      	BSF        STATUS, 5
0x00B4	0x1303      	BCF        STATUS, 6
0x00B5	0x1914      	BTFSC      SSPSTAT, 2
0x00B6	0x28C1      	GOTO       L_I2C1_Is_Idle0
;__Lib_I2C_c34.c,28 :: 		
0x00B7	0x301F      	MOVLW      31
0x00B8	0x0511      	ANDWF      SSPCON2, 0
0x00B9	0x00F1      	MOVWF      R1
0x00BA	0x0871      	MOVF       R1, 0
0x00BB	0x3A00      	XORLW      0
0x00BC	0x1D03      	BTFSS      STATUS, 2
0x00BD	0x28C1      	GOTO       L_I2C1_Is_Idle1
;__Lib_I2C_c34.c,29 :: 		
0x00BE	0x3001      	MOVLW      1
0x00BF	0x00F0      	MOVWF      R0
0x00C0	0x28C2      	GOTO       L_end_I2C1_Is_Idle
L_I2C1_Is_Idle1:
L_I2C1_Is_Idle0:
;__Lib_I2C_c34.c,30 :: 		
0x00C1	0x01F0      	CLRF       R0
;__Lib_I2C_c34.c,31 :: 		
L_end_I2C1_Is_Idle:
0x00C2	0x0008      	RETURN
; end of _I2C1_Is_Idle
_I2C1_Start:
;__Lib_I2C_c34.c,33 :: 		
;__Lib_I2C_c34.c,37 :: 		
0x00C3	0x1283      	BCF        STATUS, 5
0x00C4	0x1303      	BCF        STATUS, 6
0x00C5	0x084A      	MOVF       __Lib_I2C_c34__I2C1_TIMEOUT, 0
0x00C6	0x1683      	BSF        STATUS, 5
0x00C7	0x00B3      	MOVWF      I2C1_Start_timeout_L0
0x00C8	0x1283      	BCF        STATUS, 5
0x00C9	0x084B      	MOVF       __Lib_I2C_c34__I2C1_TIMEOUT+1, 0
0x00CA	0x1683      	BSF        STATUS, 5
0x00CB	0x00B4      	MOVWF      I2C1_Start_timeout_L0+1
0x00CC	0x1283      	BCF        STATUS, 5
0x00CD	0x084C      	MOVF       __Lib_I2C_c34__I2C1_TIMEOUT+2, 0
0x00CE	0x1683      	BSF        STATUS, 5
0x00CF	0x00B5      	MOVWF      I2C1_Start_timeout_L0+2
0x00D0	0x1283      	BCF        STATUS, 5
0x00D1	0x084D      	MOVF       __Lib_I2C_c34__I2C1_TIMEOUT+3, 0
0x00D2	0x1683      	BSF        STATUS, 5
0x00D3	0x00B6      	MOVWF      I2C1_Start_timeout_L0+3
;__Lib_I2C_c34.c,39 :: 		
0x00D4	0x01B1      	CLRF       I2C1_Start_j_L0
0x00D5	0x01B2      	CLRF       I2C1_Start_j_L0+1
L_I2C1_Start2:
0x00D6	0x0832      	MOVF       I2C1_Start_j_L0+1, 0
0x00D7	0x3C12      	SUBLW      18
0x00D8	0x1D03      	BTFSS      STATUS, 2
0x00D9	0x28DC      	GOTO       L__I2C1_Start39
0x00DA	0x0831      	MOVF       I2C1_Start_j_L0, 0
0x00DB	0x3C8E      	SUBLW      142
L__I2C1_Start39:
0x00DC	0x1C03      	BTFSS      STATUS, 0
0x00DD	0x28E7      	GOTO       L_I2C1_Start3
;__Lib_I2C_c34.c,40 :: 		
0x00DE	0x20B3      	CALL       _I2C1_Is_Idle
0x00DF	0x0870      	MOVF       R0, 0
0x00E0	0x1903      	BTFSC      STATUS, 2
0x00E1	0x28E3      	GOTO       L_I2C1_Start5
;__Lib_I2C_c34.c,41 :: 		
0x00E2	0x28E7      	GOTO       L_I2C1_Start3
L_I2C1_Start5:
;__Lib_I2C_c34.c,39 :: 		
0x00E3	0x0AB1      	INCF       I2C1_Start_j_L0, 1
0x00E4	0x1903      	BTFSC      STATUS, 2
0x00E5	0x0AB2      	INCF       I2C1_Start_j_L0+1, 1
;__Lib_I2C_c34.c,42 :: 		
0x00E6	0x28D6      	GOTO       L_I2C1_Start2
L_I2C1_Start3:
;__Lib_I2C_c34.c,44 :: 		
0x00E7	0x3012      	MOVLW      18
0x00E8	0x0232      	SUBWF      I2C1_Start_j_L0+1, 0
0x00E9	0x1D03      	BTFSS      STATUS, 2
0x00EA	0x28ED      	GOTO       L__I2C1_Start40
0x00EB	0x308F      	MOVLW      143
0x00EC	0x0231      	SUBWF      I2C1_Start_j_L0, 0
L__I2C1_Start40:
0x00ED	0x1C03      	BTFSS      STATUS, 0
0x00EE	0x28F2      	GOTO       L_I2C1_Start6
;__Lib_I2C_c34.c,45 :: 		
0x00EF	0x307B      	MOVLW      123
0x00F0	0x00F0      	MOVWF      R0
0x00F1	0x2921      	GOTO       L_end_I2C1_Start
L_I2C1_Start6:
;__Lib_I2C_c34.c,47 :: 		
0x00F2	0x1411      	BSF        SSPCON2, 0
;__Lib_I2C_c34.c,48 :: 		
L_I2C1_Start8:
0x00F3	0x1683      	BSF        STATUS, 5
0x00F4	0x1C11      	BTFSS      SSPCON2, 0
0x00F5	0x2920      	GOTO       L_I2C1_Start9
;__Lib_I2C_c34.c,50 :: 		
0x00F6	0x1283      	BCF        STATUS, 5
0x00F7	0x084A      	MOVF       __Lib_I2C_c34__I2C1_TIMEOUT, 0
0x00F8	0x044B      	IORWF      __Lib_I2C_c34__I2C1_TIMEOUT+1, 0
0x00F9	0x044C      	IORWF      __Lib_I2C_c34__I2C1_TIMEOUT+2, 0
0x00FA	0x044D      	IORWF      __Lib_I2C_c34__I2C1_TIMEOUT+3, 0
0x00FB	0x1903      	BTFSC      STATUS, 2
0x00FC	0x291F      	GOTO       L_I2C1_Start10
;__Lib_I2C_c34.c,52 :: 		
0x00FD	0x1683      	BSF        STATUS, 5
0x00FE	0x0833      	MOVF       I2C1_Start_timeout_L0, 0
0x00FF	0x0434      	IORWF      I2C1_Start_timeout_L0+1, 0
0x0100	0x0435      	IORWF      I2C1_Start_timeout_L0+2, 0
0x0101	0x0436      	IORWF      I2C1_Start_timeout_L0+3, 0
0x0102	0x1D03      	BTFSS      STATUS, 2
0x0103	0x2916      	GOTO       L_I2C1_Start11
;__Lib_I2C_c34.c,54 :: 		
0x0104	0x1283      	BCF        STATUS, 5
0x0105	0x0869      	MOVF       _I2C1_Timeout_Ptr+2, 0
0x0106	0x0084      	MOVWF      FSR
0x0107	0x3005      	MOVLW      5
0x0108	0x0080      	MOVWF      INDF
0x0109	0x0A84      	INCF       FSR, 1
0x010A	0x0867      	MOVF       _I2C1_Timeout_Ptr, 0
0x010B	0x00EA      	MOVWF      ___DoICPAddr
0x010C	0x0868      	MOVF       _I2C1_Timeout_Ptr+1, 0
0x010D	0x00EB      	MOVWF      ___DoICPAddr+1
0x010E	0x20AC      	CALL       _____DoIFC
0x010F	0x118A      	BCF        PCLATH, 3
0x0110	0x120A      	BCF        PCLATH, 4
;__Lib_I2C_c34.c,55 :: 		
0x0111	0x3001      	MOVLW      1
0x0112	0x1283      	BCF        STATUS, 5
0x0113	0x1303      	BCF        STATUS, 6
0x0114	0x00F0      	MOVWF      R0
0x0115	0x2921      	GOTO       L_end_I2C1_Start
;__Lib_I2C_c34.c,56 :: 		
L_I2C1_Start11:
;__Lib_I2C_c34.c,57 :: 		
0x0116	0x3001      	MOVLW      1
0x0117	0x1683      	BSF        STATUS, 5
0x0118	0x02B3      	SUBWF      I2C1_Start_timeout_L0, 1
0x0119	0x1C03      	BTFSS      STATUS, 0
0x011A	0x02B4      	SUBWF      I2C1_Start_timeout_L0+1, 1
0x011B	0x1C03      	BTFSS      STATUS, 0
0x011C	0x02B5      	SUBWF      I2C1_Start_timeout_L0+2, 1
0x011D	0x1C03      	BTFSS      STATUS, 0
0x011E	0x02B6      	SUBWF      I2C1_Start_timeout_L0+3, 1
;__Lib_I2C_c34.c,58 :: 		
L_I2C1_Start10:
;__Lib_I2C_c34.c,59 :: 		
0x011F	0x28F3      	GOTO       L_I2C1_Start8
L_I2C1_Start9:
;__Lib_I2C_c34.c,60 :: 		
0x0120	0x01F0      	CLRF       R0
;__Lib_I2C_c34.c,62 :: 		
L_end_I2C1_Start:
0x0121	0x0008      	RETURN
; end of _I2C1_Start
_I2C1_Wr:
;__Lib_I2C_c34.c,137 :: 		
;__Lib_I2C_c34.c,140 :: 		
0x0122	0x1283      	BCF        STATUS, 5
0x0123	0x1303      	BCF        STATUS, 6
0x0124	0x118C      	BCF        PIR1, 3
;__Lib_I2C_c34.c,141 :: 		
0x0125	0x0829      	MOVF       FARG_I2C1_Wr_data_, 0
0x0126	0x0093      	MOVWF      SSPBUF
;__Lib_I2C_c34.c,143 :: 		
0x0127	0x084A      	MOVF       __Lib_I2C_c34__I2C1_TIMEOUT, 0
0x0128	0x1683      	BSF        STATUS, 5
0x0129	0x00B1      	MOVWF      I2C1_Wr_timeout_L0
0x012A	0x1283      	BCF        STATUS, 5
0x012B	0x084B      	MOVF       __Lib_I2C_c34__I2C1_TIMEOUT+1, 0
0x012C	0x1683      	BSF        STATUS, 5
0x012D	0x00B2      	MOVWF      I2C1_Wr_timeout_L0+1
0x012E	0x1283      	BCF        STATUS, 5
0x012F	0x084C      	MOVF       __Lib_I2C_c34__I2C1_TIMEOUT+2, 0
0x0130	0x1683      	BSF        STATUS, 5
0x0131	0x00B3      	MOVWF      I2C1_Wr_timeout_L0+2
0x0132	0x1283      	BCF        STATUS, 5
0x0133	0x084D      	MOVF       __Lib_I2C_c34__I2C1_TIMEOUT+3, 0
0x0134	0x1683      	BSF        STATUS, 5
0x0135	0x00B4      	MOVWF      I2C1_Wr_timeout_L0+3
;__Lib_I2C_c34.c,145 :: 		
L_I2C1_Wr26:
0x0136	0x1683      	BSF        STATUS, 5
0x0137	0x1D14      	BTFSS      SSPSTAT, 2
0x0138	0x2963      	GOTO       L_I2C1_Wr27
;__Lib_I2C_c34.c,148 :: 		
0x0139	0x1283      	BCF        STATUS, 5
0x013A	0x084A      	MOVF       __Lib_I2C_c34__I2C1_TIMEOUT, 0
0x013B	0x044B      	IORWF      __Lib_I2C_c34__I2C1_TIMEOUT+1, 0
0x013C	0x044C      	IORWF      __Lib_I2C_c34__I2C1_TIMEOUT+2, 0
0x013D	0x044D      	IORWF      __Lib_I2C_c34__I2C1_TIMEOUT+3, 0
0x013E	0x1903      	BTFSC      STATUS, 2
0x013F	0x2962      	GOTO       L_I2C1_Wr28
;__Lib_I2C_c34.c,150 :: 		
0x0140	0x1683      	BSF        STATUS, 5
0x0141	0x0831      	MOVF       I2C1_Wr_timeout_L0, 0
0x0142	0x0432      	IORWF      I2C1_Wr_timeout_L0+1, 0
0x0143	0x0433      	IORWF      I2C1_Wr_timeout_L0+2, 0
0x0144	0x0434      	IORWF      I2C1_Wr_timeout_L0+3, 0
0x0145	0x1D03      	BTFSS      STATUS, 2
0x0146	0x2959      	GOTO       L_I2C1_Wr29
;__Lib_I2C_c34.c,152 :: 		
0x0147	0x1283      	BCF        STATUS, 5
0x0148	0x0869      	MOVF       _I2C1_Timeout_Ptr+2, 0
0x0149	0x0084      	MOVWF      FSR
0x014A	0x3004      	MOVLW      4
0x014B	0x0080      	MOVWF      INDF
0x014C	0x0A84      	INCF       FSR, 1
0x014D	0x0867      	MOVF       _I2C1_Timeout_Ptr, 0
0x014E	0x00EA      	MOVWF      ___DoICPAddr
0x014F	0x0868      	MOVF       _I2C1_Timeout_Ptr+1, 0
0x0150	0x00EB      	MOVWF      ___DoICPAddr+1
0x0151	0x20AC      	CALL       _____DoIFC
0x0152	0x118A      	BCF        PCLATH, 3
0x0153	0x120A      	BCF        PCLATH, 4
;__Lib_I2C_c34.c,153 :: 		
0x0154	0x3001      	MOVLW      1
0x0155	0x1283      	BCF        STATUS, 5
0x0156	0x1303      	BCF        STATUS, 6
0x0157	0x00F0      	MOVWF      R0
0x0158	0x29A7      	GOTO       L_end_I2C1_Wr
;__Lib_I2C_c34.c,154 :: 		
L_I2C1_Wr29:
;__Lib_I2C_c34.c,155 :: 		
0x0159	0x3001      	MOVLW      1
0x015A	0x1683      	BSF        STATUS, 5
0x015B	0x02B1      	SUBWF      I2C1_Wr_timeout_L0, 1
0x015C	0x1C03      	BTFSS      STATUS, 0
0x015D	0x02B2      	SUBWF      I2C1_Wr_timeout_L0+1, 1
0x015E	0x1C03      	BTFSS      STATUS, 0
0x015F	0x02B3      	SUBWF      I2C1_Wr_timeout_L0+2, 1
0x0160	0x1C03      	BTFSS      STATUS, 0
0x0161	0x02B4      	SUBWF      I2C1_Wr_timeout_L0+3, 1
;__Lib_I2C_c34.c,156 :: 		
L_I2C1_Wr28:
;__Lib_I2C_c34.c,157 :: 		
0x0162	0x2936      	GOTO       L_I2C1_Wr26
L_I2C1_Wr27:
;__Lib_I2C_c34.c,159 :: 		
0x0163	0x1283      	BCF        STATUS, 5
0x0164	0x084A      	MOVF       __Lib_I2C_c34__I2C1_TIMEOUT, 0
0x0165	0x1683      	BSF        STATUS, 5
0x0166	0x00B1      	MOVWF      I2C1_Wr_timeout_L0
0x0167	0x1283      	BCF        STATUS, 5
0x0168	0x084B      	MOVF       __Lib_I2C_c34__I2C1_TIMEOUT+1, 0
0x0169	0x1683      	BSF        STATUS, 5
0x016A	0x00B2      	MOVWF      I2C1_Wr_timeout_L0+1
0x016B	0x1283      	BCF        STATUS, 5
0x016C	0x084C      	MOVF       __Lib_I2C_c34__I2C1_TIMEOUT+2, 0
0x016D	0x1683      	BSF        STATUS, 5
0x016E	0x00B3      	MOVWF      I2C1_Wr_timeout_L0+2
0x016F	0x1283      	BCF        STATUS, 5
0x0170	0x084D      	MOVF       __Lib_I2C_c34__I2C1_TIMEOUT+3, 0
0x0171	0x1683      	BSF        STATUS, 5
0x0172	0x00B4      	MOVWF      I2C1_Wr_timeout_L0+3
;__Lib_I2C_c34.c,161 :: 		
L_I2C1_Wr30:
0x0173	0x1283      	BCF        STATUS, 5
0x0174	0x198C      	BTFSC      PIR1, 3
0x0175	0x299F      	GOTO       L_I2C1_Wr31
;__Lib_I2C_c34.c,164 :: 		
0x0176	0x084A      	MOVF       __Lib_I2C_c34__I2C1_TIMEOUT, 0
0x0177	0x044B      	IORWF      __Lib_I2C_c34__I2C1_TIMEOUT+1, 0
0x0178	0x044C      	IORWF      __Lib_I2C_c34__I2C1_TIMEOUT+2, 0
0x0179	0x044D      	IORWF      __Lib_I2C_c34__I2C1_TIMEOUT+3, 0
0x017A	0x1903      	BTFSC      STATUS, 2
0x017B	0x299E      	GOTO       L_I2C1_Wr32
;__Lib_I2C_c34.c,166 :: 		
0x017C	0x1683      	BSF        STATUS, 5
0x017D	0x0831      	MOVF       I2C1_Wr_timeout_L0, 0
0x017E	0x0432      	IORWF      I2C1_Wr_timeout_L0+1, 0
0x017F	0x0433      	IORWF      I2C1_Wr_timeout_L0+2, 0
0x0180	0x0434      	IORWF      I2C1_Wr_timeout_L0+3, 0
0x0181	0x1D03      	BTFSS      STATUS, 2
0x0182	0x2995      	GOTO       L_I2C1_Wr33
;__Lib_I2C_c34.c,168 :: 		
0x0183	0x1283      	BCF        STATUS, 5
0x0184	0x0869      	MOVF       _I2C1_Timeout_Ptr+2, 0
0x0185	0x0084      	MOVWF      FSR
0x0186	0x3004      	MOVLW      4
0x0187	0x0080      	MOVWF      INDF
0x0188	0x0A84      	INCF       FSR, 1
0x0189	0x0867      	MOVF       _I2C1_Timeout_Ptr, 0
0x018A	0x00EA      	MOVWF      ___DoICPAddr
0x018B	0x0868      	MOVF       _I2C1_Timeout_Ptr+1, 0
0x018C	0x00EB      	MOVWF      ___DoICPAddr+1
0x018D	0x20AC      	CALL       _____DoIFC
0x018E	0x118A      	BCF        PCLATH, 3
0x018F	0x120A      	BCF        PCLATH, 4
;__Lib_I2C_c34.c,169 :: 		
0x0190	0x3001      	MOVLW      1
0x0191	0x1283      	BCF        STATUS, 5
0x0192	0x1303      	BCF        STATUS, 6
0x0193	0x00F0      	MOVWF      R0
0x0194	0x29A7      	GOTO       L_end_I2C1_Wr
;__Lib_I2C_c34.c,170 :: 		
L_I2C1_Wr33:
;__Lib_I2C_c34.c,171 :: 		
0x0195	0x3001      	MOVLW      1
0x0196	0x1683      	BSF        STATUS, 5
0x0197	0x02B1      	SUBWF      I2C1_Wr_timeout_L0, 1
0x0198	0x1C03      	BTFSS      STATUS, 0
0x0199	0x02B2      	SUBWF      I2C1_Wr_timeout_L0+1, 1
0x019A	0x1C03      	BTFSS      STATUS, 0
0x019B	0x02B3      	SUBWF      I2C1_Wr_timeout_L0+2, 1
0x019C	0x1C03      	BTFSS      STATUS, 0
0x019D	0x02B4      	SUBWF      I2C1_Wr_timeout_L0+3, 1
;__Lib_I2C_c34.c,172 :: 		
L_I2C1_Wr32:
;__Lib_I2C_c34.c,173 :: 		
0x019E	0x2973      	GOTO       L_I2C1_Wr30
L_I2C1_Wr31:
0x019F	0x1683      	BSF        STATUS, 5
;__Lib_I2C_c34.c,175 :: 		
0x01A0	0x1B11      	BTFSC      SSPCON2, 6
0x01A1	0x29A4      	GOTO       L_I2C1_Wr34
;__Lib_I2C_c34.c,176 :: 		
0x01A2	0x01F0      	CLRF       R0
0x01A3	0x29A7      	GOTO       L_end_I2C1_Wr
;__Lib_I2C_c34.c,177 :: 		
L_I2C1_Wr34:
;__Lib_I2C_c34.c,179 :: 		
0x01A4	0x1511      	BSF        SSPCON2, 2
;__Lib_I2C_c34.c,180 :: 		
0x01A5	0x3002      	MOVLW      2
0x01A6	0x00F0      	MOVWF      R0
;__Lib_I2C_c34.c,182 :: 		
L_end_I2C1_Wr:
0x01A7	0x0008      	RETURN
; end of _I2C1_Wr
_I2C1_Rd:
;__Lib_I2C_c34.c,85 :: 		
;__Lib_I2C_c34.c,89 :: 		
0x01A8	0x1283      	BCF        STATUS, 5
0x01A9	0x1303      	BCF        STATUS, 6
0x01AA	0x084A      	MOVF       __Lib_I2C_c34__I2C1_TIMEOUT, 0
0x01AB	0x1683      	BSF        STATUS, 5
0x01AC	0x00B2      	MOVWF      I2C1_Rd_timeout_L0
0x01AD	0x1283      	BCF        STATUS, 5
0x01AE	0x084B      	MOVF       __Lib_I2C_c34__I2C1_TIMEOUT+1, 0
0x01AF	0x1683      	BSF        STATUS, 5
0x01B0	0x00B3      	MOVWF      I2C1_Rd_timeout_L0+1
0x01B1	0x1283      	BCF        STATUS, 5
0x01B2	0x084C      	MOVF       __Lib_I2C_c34__I2C1_TIMEOUT+2, 0
0x01B3	0x1683      	BSF        STATUS, 5
0x01B4	0x00B4      	MOVWF      I2C1_Rd_timeout_L0+2
0x01B5	0x1283      	BCF        STATUS, 5
0x01B6	0x084D      	MOVF       __Lib_I2C_c34__I2C1_TIMEOUT+3, 0
0x01B7	0x1683      	BSF        STATUS, 5
0x01B8	0x00B5      	MOVWF      I2C1_Rd_timeout_L0+3
;__Lib_I2C_c34.c,91 :: 		
0x01B9	0x1283      	BCF        STATUS, 5
0x01BA	0x118C      	BCF        PIR1, 3
;__Lib_I2C_c34.c,92 :: 		
0x01BB	0x1683      	BSF        STATUS, 5
0x01BC	0x1591      	BSF        SSPCON2, 3
;__Lib_I2C_c34.c,94 :: 		
L_I2C1_Rd16:
0x01BD	0x1283      	BCF        STATUS, 5
0x01BE	0x198C      	BTFSC      PIR1, 3
0x01BF	0x29E6      	GOTO       L_I2C1_Rd17
;__Lib_I2C_c34.c,97 :: 		
0x01C0	0x084A      	MOVF       __Lib_I2C_c34__I2C1_TIMEOUT, 0
0x01C1	0x044B      	IORWF      __Lib_I2C_c34__I2C1_TIMEOUT+1, 0
0x01C2	0x044C      	IORWF      __Lib_I2C_c34__I2C1_TIMEOUT+2, 0
0x01C3	0x044D      	IORWF      __Lib_I2C_c34__I2C1_TIMEOUT+3, 0
0x01C4	0x1903      	BTFSC      STATUS, 2
0x01C5	0x29E5      	GOTO       L_I2C1_Rd18
;__Lib_I2C_c34.c,99 :: 		
0x01C6	0x1683      	BSF        STATUS, 5
0x01C7	0x0832      	MOVF       I2C1_Rd_timeout_L0, 0
0x01C8	0x0433      	IORWF      I2C1_Rd_timeout_L0+1, 0
0x01C9	0x0434      	IORWF      I2C1_Rd_timeout_L0+2, 0
0x01CA	0x0435      	IORWF      I2C1_Rd_timeout_L0+3, 0
0x01CB	0x1D03      	BTFSS      STATUS, 2
0x01CC	0x29DB      	GOTO       L_I2C1_Rd19
;__Lib_I2C_c34.c,101 :: 		
0x01CD	0x1283      	BCF        STATUS, 5
0x01CE	0x0869      	MOVF       _I2C1_Timeout_Ptr+2, 0
0x01CF	0x0084      	MOVWF      FSR
0x01D0	0x3003      	MOVLW      3
0x01D1	0x0080      	MOVWF      INDF
0x01D2	0x0A84      	INCF       FSR, 1
0x01D3	0x0867      	MOVF       _I2C1_Timeout_Ptr, 0
0x01D4	0x00EA      	MOVWF      ___DoICPAddr
0x01D5	0x0868      	MOVF       _I2C1_Timeout_Ptr+1, 0
0x01D6	0x00EB      	MOVWF      ___DoICPAddr+1
0x01D7	0x20AC      	CALL       _____DoIFC
0x01D8	0x118A      	BCF        PCLATH, 3
0x01D9	0x120A      	BCF        PCLATH, 4
;__Lib_I2C_c34.c,102 :: 		
0x01DA	0x29E6      	GOTO       L_I2C1_Rd17
;__Lib_I2C_c34.c,103 :: 		
L_I2C1_Rd19:
;__Lib_I2C_c34.c,104 :: 		
0x01DB	0x3001      	MOVLW      1
0x01DC	0x1683      	BSF        STATUS, 5
0x01DD	0x1303      	BCF        STATUS, 6
0x01DE	0x02B2      	SUBWF      I2C1_Rd_timeout_L0, 1
0x01DF	0x1C03      	BTFSS      STATUS, 0
0x01E0	0x02B3      	SUBWF      I2C1_Rd_timeout_L0+1, 1
0x01E1	0x1C03      	BTFSS      STATUS, 0
0x01E2	0x02B4      	SUBWF      I2C1_Rd_timeout_L0+2, 1
0x01E3	0x1C03      	BTFSS      STATUS, 0
0x01E4	0x02B5      	SUBWF      I2C1_Rd_timeout_L0+3, 1
;__Lib_I2C_c34.c,105 :: 		
L_I2C1_Rd18:
;__Lib_I2C_c34.c,106 :: 		
0x01E5	0x29BD      	GOTO       L_I2C1_Rd16
L_I2C1_Rd17:
0x01E6	0x1303      	BCF        STATUS, 6
;__Lib_I2C_c34.c,108 :: 		
0x01E7	0x1283      	BCF        STATUS, 5
0x01E8	0x0813      	MOVF       SSPBUF, 0
0x01E9	0x1683      	BSF        STATUS, 5
0x01EA	0x00B1      	MOVWF      I2C1_Rd_tmp_L0
;__Lib_I2C_c34.c,109 :: 		
0x01EB	0x1283      	BCF        STATUS, 5
0x01EC	0x0828      	MOVF       FARG_I2C1_Rd_ack, 0
0x01ED	0x3A00      	XORLW      0
0x01EE	0x1D03      	BTFSS      STATUS, 2
0x01EF	0x29F3      	GOTO       L_I2C1_Rd20
;__Lib_I2C_c34.c,110 :: 		
0x01F0	0x1683      	BSF        STATUS, 5
0x01F1	0x1691      	BSF        SSPCON2, 5
0x01F2	0x29F5      	GOTO       L_I2C1_Rd21
L_I2C1_Rd20:
0x01F3	0x1683      	BSF        STATUS, 5
;__Lib_I2C_c34.c,112 :: 		
0x01F4	0x1291      	BCF        SSPCON2, 5
L_I2C1_Rd21:
;__Lib_I2C_c34.c,114 :: 		
0x01F5	0x1283      	BCF        STATUS, 5
0x01F6	0x118C      	BCF        PIR1, 3
;__Lib_I2C_c34.c,115 :: 		
0x01F7	0x1683      	BSF        STATUS, 5
0x01F8	0x1611      	BSF        SSPCON2, 4
;__Lib_I2C_c34.c,118 :: 		
0x01F9	0x1283      	BCF        STATUS, 5
0x01FA	0x084A      	MOVF       __Lib_I2C_c34__I2C1_TIMEOUT, 0
0x01FB	0x1683      	BSF        STATUS, 5
0x01FC	0x00B2      	MOVWF      I2C1_Rd_timeout_L0
0x01FD	0x1283      	BCF        STATUS, 5
0x01FE	0x084B      	MOVF       __Lib_I2C_c34__I2C1_TIMEOUT+1, 0
0x01FF	0x1683      	BSF        STATUS, 5
0x0200	0x00B3      	MOVWF      I2C1_Rd_timeout_L0+1
0x0201	0x1283      	BCF        STATUS, 5
0x0202	0x084C      	MOVF       __Lib_I2C_c34__I2C1_TIMEOUT+2, 0
0x0203	0x1683      	BSF        STATUS, 5
0x0204	0x00B4      	MOVWF      I2C1_Rd_timeout_L0+2
0x0205	0x1283      	BCF        STATUS, 5
0x0206	0x084D      	MOVF       __Lib_I2C_c34__I2C1_TIMEOUT+3, 0
0x0207	0x1683      	BSF        STATUS, 5
0x0208	0x00B5      	MOVWF      I2C1_Rd_timeout_L0+3
;__Lib_I2C_c34.c,120 :: 		
L_I2C1_Rd22:
0x0209	0x1283      	BCF        STATUS, 5
0x020A	0x198C      	BTFSC      PIR1, 3
0x020B	0x2A32      	GOTO       L_I2C1_Rd23
;__Lib_I2C_c34.c,123 :: 		
0x020C	0x084A      	MOVF       __Lib_I2C_c34__I2C1_TIMEOUT, 0
0x020D	0x044B      	IORWF      __Lib_I2C_c34__I2C1_TIMEOUT+1, 0
0x020E	0x044C      	IORWF      __Lib_I2C_c34__I2C1_TIMEOUT+2, 0
0x020F	0x044D      	IORWF      __Lib_I2C_c34__I2C1_TIMEOUT+3, 0
0x0210	0x1903      	BTFSC      STATUS, 2
0x0211	0x2A31      	GOTO       L_I2C1_Rd24
;__Lib_I2C_c34.c,125 :: 		
0x0212	0x1683      	BSF        STATUS, 5
0x0213	0x0832      	MOVF       I2C1_Rd_timeout_L0, 0
0x0214	0x0433      	IORWF      I2C1_Rd_timeout_L0+1, 0
0x0215	0x0434      	IORWF      I2C1_Rd_timeout_L0+2, 0
0x0216	0x0435      	IORWF      I2C1_Rd_timeout_L0+3, 0
0x0217	0x1D03      	BTFSS      STATUS, 2
0x0218	0x2A27      	GOTO       L_I2C1_Rd25
;__Lib_I2C_c34.c,127 :: 		
0x0219	0x1283      	BCF        STATUS, 5
0x021A	0x0869      	MOVF       _I2C1_Timeout_Ptr+2, 0
0x021B	0x0084      	MOVWF      FSR
0x021C	0x3003      	MOVLW      3
0x021D	0x0080      	MOVWF      INDF
0x021E	0x0A84      	INCF       FSR, 1
0x021F	0x0867      	MOVF       _I2C1_Timeout_Ptr, 0
0x0220	0x00EA      	MOVWF      ___DoICPAddr
0x0221	0x0868      	MOVF       _I2C1_Timeout_Ptr+1, 0
0x0222	0x00EB      	MOVWF      ___DoICPAddr+1
0x0223	0x20AC      	CALL       _____DoIFC
0x0224	0x118A      	BCF        PCLATH, 3
0x0225	0x120A      	BCF        PCLATH, 4
;__Lib_I2C_c34.c,128 :: 		
0x0226	0x2A32      	GOTO       L_I2C1_Rd23
;__Lib_I2C_c34.c,129 :: 		
L_I2C1_Rd25:
;__Lib_I2C_c34.c,130 :: 		
0x0227	0x3001      	MOVLW      1
0x0228	0x1683      	BSF        STATUS, 5
0x0229	0x1303      	BCF        STATUS, 6
0x022A	0x02B2      	SUBWF      I2C1_Rd_timeout_L0, 1
0x022B	0x1C03      	BTFSS      STATUS, 0
0x022C	0x02B3      	SUBWF      I2C1_Rd_timeout_L0+1, 1
0x022D	0x1C03      	BTFSS      STATUS, 0
0x022E	0x02B4      	SUBWF      I2C1_Rd_timeout_L0+2, 1
0x022F	0x1C03      	BTFSS      STATUS, 0
0x0230	0x02B5      	SUBWF      I2C1_Rd_timeout_L0+3, 1
;__Lib_I2C_c34.c,131 :: 		
L_I2C1_Rd24:
;__Lib_I2C_c34.c,132 :: 		
0x0231	0x2A09      	GOTO       L_I2C1_Rd22
L_I2C1_Rd23:
0x0232	0x1683      	BSF        STATUS, 5
0x0233	0x1303      	BCF        STATUS, 6
;__Lib_I2C_c34.c,134 :: 		
0x0234	0x0831      	MOVF       I2C1_Rd_tmp_L0, 0
0x0235	0x00F0      	MOVWF      R0
;__Lib_I2C_c34.c,135 :: 		
L_end_I2C1_Rd:
0x0236	0x0008      	RETURN
; end of _I2C1_Rd
_I2C1_Stop:
;__Lib_I2C_c34.c,184 :: 		
;__Lib_I2C_c34.c,185 :: 		
0x0237	0x1683      	BSF        STATUS, 5
0x0238	0x1303      	BCF        STATUS, 6
0x0239	0x1511      	BSF        SSPCON2, 2
;__Lib_I2C_c34.c,186 :: 		
L_end_I2C1_Stop:
0x023A	0x0008      	RETURN
; end of _I2C1_Stop
_E2PROM_Read:
;E2PROM.c,4 :: 		unsigned char E2PROM_Read(unsigned int addr)
;E2PROM.c,10 :: 		ah=(addr&0x0100)>>8;
0x023B	0x3000      	MOVLW      0
0x023C	0x1683      	BSF        STATUS, 5
0x023D	0x1303      	BCF        STATUS, 6
0x023E	0x052C      	ANDWF      FARG_E2PROM_Read_addr, 0
0x023F	0x00F3      	MOVWF      R3
0x0240	0x082D      	MOVF       FARG_E2PROM_Read_addr+1, 0
0x0241	0x3901      	ANDLW      1
0x0242	0x00F4      	MOVWF      R3+1
0x0243	0x0874      	MOVF       R3+1, 0
0x0244	0x00F0      	MOVWF      R0
0x0245	0x01F1      	CLRF       R0+1
0x0246	0x0870      	MOVF       R0, 0
0x0247	0x00AF      	MOVWF      E2PROM_Read_ah_L0
;E2PROM.c,11 :: 		al=addr&0x00FF;
0x0248	0x30FF      	MOVLW      255
0x0249	0x052C      	ANDWF      FARG_E2PROM_Read_addr, 0
0x024A	0x00B0      	MOVWF      E2PROM_Read_al_L0
;E2PROM.c,13 :: 		I2C1_Start();
0x024B	0x20C3      	CALL       _I2C1_Start
;E2PROM.c,14 :: 		if(ah)
0x024C	0x1683      	BSF        STATUS, 5
0x024D	0x1303      	BCF        STATUS, 6
0x024E	0x082F      	MOVF       E2PROM_Read_ah_L0, 0
0x024F	0x1903      	BTFSC      STATUS, 2
0x0250	0x2A56      	GOTO       L_E2PROM_Read0
;E2PROM.c,16 :: 		I2C1_Wr(0xA2);
0x0251	0x30A2      	MOVLW      162
0x0252	0x1283      	BCF        STATUS, 5
0x0253	0x00A9      	MOVWF      FARG_I2C1_Wr_data_
0x0254	0x2122      	CALL       _I2C1_Wr
;E2PROM.c,17 :: 		}
0x0255	0x2A5B      	GOTO       L_E2PROM_Read1
L_E2PROM_Read0:
;E2PROM.c,20 :: 		I2C1_Wr(0xA0);
0x0256	0x30A0      	MOVLW      160
0x0257	0x1283      	BCF        STATUS, 5
0x0258	0x1303      	BCF        STATUS, 6
0x0259	0x00A9      	MOVWF      FARG_I2C1_Wr_data_
0x025A	0x2122      	CALL       _I2C1_Wr
;E2PROM.c,21 :: 		}
L_E2PROM_Read1:
;E2PROM.c,22 :: 		I2C1_Wr(al);
0x025B	0x1683      	BSF        STATUS, 5
0x025C	0x1303      	BCF        STATUS, 6
0x025D	0x0830      	MOVF       E2PROM_Read_al_L0, 0
0x025E	0x1283      	BCF        STATUS, 5
0x025F	0x00A9      	MOVWF      FARG_I2C1_Wr_data_
0x0260	0x2122      	CALL       _I2C1_Wr
;E2PROM.c,24 :: 		I2C1_Start();
0x0261	0x20C3      	CALL       _I2C1_Start
;E2PROM.c,25 :: 		if(ah)
0x0262	0x1683      	BSF        STATUS, 5
0x0263	0x1303      	BCF        STATUS, 6
0x0264	0x082F      	MOVF       E2PROM_Read_ah_L0, 0
0x0265	0x1903      	BTFSC      STATUS, 2
0x0266	0x2A6C      	GOTO       L_E2PROM_Read2
;E2PROM.c,27 :: 		I2C1_Wr(0xA3);
0x0267	0x30A3      	MOVLW      163
0x0268	0x1283      	BCF        STATUS, 5
0x0269	0x00A9      	MOVWF      FARG_I2C1_Wr_data_
0x026A	0x2122      	CALL       _I2C1_Wr
;E2PROM.c,28 :: 		}
0x026B	0x2A71      	GOTO       L_E2PROM_Read3
L_E2PROM_Read2:
;E2PROM.c,31 :: 		I2C1_Wr(0xA1);
0x026C	0x30A1      	MOVLW      161
0x026D	0x1283      	BCF        STATUS, 5
0x026E	0x1303      	BCF        STATUS, 6
0x026F	0x00A9      	MOVWF      FARG_I2C1_Wr_data_
0x0270	0x2122      	CALL       _I2C1_Wr
;E2PROM.c,32 :: 		}
L_E2PROM_Read3:
;E2PROM.c,33 :: 		ret=I2C1_Rd(1);
0x0271	0x3001      	MOVLW      1
0x0272	0x1283      	BCF        STATUS, 5
0x0273	0x1303      	BCF        STATUS, 6
0x0274	0x00A8      	MOVWF      FARG_I2C1_Rd_ack
0x0275	0x21A8      	CALL       _I2C1_Rd
0x0276	0x0870      	MOVF       R0, 0
0x0277	0x00AE      	MOVWF      E2PROM_Read_ret_L0
;E2PROM.c,34 :: 		I2C1_Stop();
0x0278	0x2237      	CALL       _I2C1_Stop
;E2PROM.c,36 :: 		return ret;
0x0279	0x082E      	MOVF       E2PROM_Read_ret_L0, 0
0x027A	0x00F0      	MOVWF      R0
;E2PROM.c,37 :: 		}
L_end_E2PROM_Read:
0x027B	0x0008      	RETURN
; end of _E2PROM_Read
_____DoICP:
;__Lib_System.c,6 :: 		
;__Lib_System.c,9 :: 		
0x027C	0x1283      	BCF        STATUS, 5
0x027D	0x1303      	BCF        STATUS, 6
0x027E	0x086B      	MOVF       ___DoICPAddr+1, 0
0x027F	0x008A      	MOVWF      PCLATH
;__Lib_System.c,10 :: 		
0x0280	0x086A      	MOVF       ___DoICPAddr, 0
0x0281	0x0082      	MOVWF      PCL
;__Lib_System.c,12 :: 		
L_end_____DoICP:
0x0282	0x0008      	RETURN
; end of _____DoICP
_Mul_32x32_U:
;__Lib_Math.c,1775 :: 		
;__Lib_Math.c,1790 :: 		
0x0283	0x1283      	BCF        STATUS, 5
;__Lib_Math.c,1791 :: 		
0x0284	0x1303      	BCF        STATUS, 6
;__Lib_Math.c,1792 :: 		
0x0285	0x3022      	MOVLW      34
;__Lib_Math.c,1793 :: 		
0x0286	0x00FC      	MOVWF      R12
;__Lib_Math.c,1794 :: 		
0x0287	0x01F8      	CLRF       R8
;__Lib_Math.c,1795 :: 		
0x0288	0x01F9      	CLRF       R9
;__Lib_Math.c,1796 :: 		
0x0289	0x01FA      	CLRF       R10
;__Lib_Math.c,1797 :: 		
0x028A	0x01FB      	CLRF       R11
;__Lib_Math.c,1799 :: 		
_NEXT:
;__Lib_Math.c,1803 :: 		
0x028B	0x03FC      	DECF       R12, 1
;__Lib_Math.c,1804 :: 		
0x028C	0x1903      	BTFSC      STATUS, 2
;__Lib_Math.c,1805 :: 		
0x028D	0x2AB9      	GOTO       _EXIT2
;__Lib_Math.c,1806 :: 		
0x028E	0x1003      	BCF        STATUS, 0
;__Lib_Math.c,1808 :: 		
_LOOP:
;__Lib_Math.c,1817 :: 		
0x028F	0x0CFB      	RRF        R11, 1
;__Lib_Math.c,1818 :: 		
0x0290	0x0CFA      	RRF        R10, 1
;__Lib_Math.c,1819 :: 		
0x0291	0x0CF9      	RRF        R9, 1
;__Lib_Math.c,1820 :: 		
0x0292	0x0CF8      	RRF        R8, 1
;__Lib_Math.c,1821 :: 		
0x0293	0x0CF3      	RRF        R3, 1
;__Lib_Math.c,1822 :: 		
0x0294	0x0CF2      	RRF        R2, 1
;__Lib_Math.c,1823 :: 		
0x0295	0x0CF1      	RRF        R1, 1
;__Lib_Math.c,1824 :: 		
0x0296	0x0CF0      	RRF        R0, 1
;__Lib_Math.c,1829 :: 		
0x0297	0x1C03      	BTFSS      STATUS, 0
;__Lib_Math.c,1830 :: 		
0x0298	0x2A8B      	GOTO       _NEXT
;__Lib_Math.c,1831 :: 		
0x0299	0x03FC      	DECF       R12, 1
;__Lib_Math.c,1832 :: 		
0x029A	0x1903      	BTFSC      STATUS, 2
;__Lib_Math.c,1833 :: 		
0x029B	0x2AAB      	GOTO       _EXIT1
;__Lib_Math.c,1840 :: 		
0x029C	0x0874      	MOVF       R4, 0
;__Lib_Math.c,1841 :: 		
0x029D	0x07F8      	ADDWF      R8, 1
;__Lib_Math.c,1842 :: 		
0x029E	0x0875      	MOVF       R5, 0
;__Lib_Math.c,1843 :: 		
0x029F	0x1803      	BTFSC      STATUS, 0
;__Lib_Math.c,1844 :: 		
0x02A0	0x0F75      	INCFSZ     R5, 0
;__Lib_Math.c,1845 :: 		
0x02A1	0x07F9      	ADDWF      R9, 1
;__Lib_Math.c,1846 :: 		
0x02A2	0x0876      	MOVF       R6, 0
;__Lib_Math.c,1847 :: 		
0x02A3	0x1803      	BTFSC      STATUS, 0
;__Lib_Math.c,1848 :: 		
0x02A4	0x0F76      	INCFSZ     R6, 0
;__Lib_Math.c,1849 :: 		
0x02A5	0x07FA      	ADDWF      R10, 1
;__Lib_Math.c,1850 :: 		
0x02A6	0x0877      	MOVF       R7, 0
;__Lib_Math.c,1851 :: 		
0x02A7	0x1803      	BTFSC      STATUS, 0
;__Lib_Math.c,1852 :: 		
0x02A8	0x0F77      	INCFSZ     R7, 0
;__Lib_Math.c,1853 :: 		
0x02A9	0x07FB      	ADDWF      R11, 1
;__Lib_Math.c,1855 :: 		
0x02AA	0x2A8F      	GOTO       _LOOP
;__Lib_Math.c,1857 :: 		
_EXIT1:
;__Lib_Math.c,1862 :: 		
0x02AB	0x0874      	MOVF       R4, 0
;__Lib_Math.c,1863 :: 		
0x02AC	0x07F8      	ADDWF      R8, 1
;__Lib_Math.c,1864 :: 		
0x02AD	0x0875      	MOVF       R5, 0
;__Lib_Math.c,1865 :: 		
0x02AE	0x1803      	BTFSC      STATUS, 0
;__Lib_Math.c,1866 :: 		
0x02AF	0x0F75      	INCFSZ     R5, 0
;__Lib_Math.c,1867 :: 		
0x02B0	0x07F9      	ADDWF      R9, 1
;__Lib_Math.c,1868 :: 		
0x02B1	0x0876      	MOVF       R6, 0
;__Lib_Math.c,1869 :: 		
0x02B2	0x1803      	BTFSC      STATUS, 0
;__Lib_Math.c,1870 :: 		
0x02B3	0x0F76      	INCFSZ     R6, 0
;__Lib_Math.c,1871 :: 		
0x02B4	0x07FA      	ADDWF      R10, 1
;__Lib_Math.c,1872 :: 		
0x02B5	0x0877      	MOVF       R7, 0
;__Lib_Math.c,1873 :: 		
0x02B6	0x1803      	BTFSC      STATUS, 0
;__Lib_Math.c,1874 :: 		
0x02B7	0x0F77      	INCFSZ     R7, 0
;__Lib_Math.c,1875 :: 		
0x02B8	0x07FB      	ADDWF      R11, 1
;__Lib_Math.c,1878 :: 		
_EXIT2:
;__Lib_Math.c,1880 :: 		
L_end_Mul_32x32_U:
0x02B9	0x0008      	RETURN
; end of _Mul_32x32_U
_display7s:
;sevenSeg.c,5 :: 		u8 display7s(u8 v)
;sevenSeg.c,7 :: 		return table[v & 0x0F];
0x02BA	0x300F      	MOVLW      15
0x02BB	0x1683      	BSF        STATUS, 5
0x02BC	0x1303      	BCF        STATUS, 6
0x02BD	0x0524      	ANDWF      FARG_display7s_v, 0
0x02BE	0x00F0      	MOVWF      R0
0x02BF	0x3000      	MOVLW      0
0x02C0	0x00F1      	MOVWF      R0+1
0x02C1	0x30F5      	MOVLW      _table
0x02C2	0x07F0      	ADDWF      R0, 1
0x02C3	0x3005      	MOVLW      hi_addr(_table)
0x02C4	0x1803      	BTFSC      STATUS, 0
0x02C5	0x3E01      	ADDLW      1
0x02C6	0x07F1      	ADDWF      R0+1, 1
0x02C7	0x0870      	MOVF       R0, 0
0x02C8	0x1283      	BCF        STATUS, 5
0x02C9	0x00EA      	MOVWF      ___DoICPAddr
0x02CA	0x0871      	MOVF       R0+1, 0
0x02CB	0x00EB      	MOVWF      ___DoICPAddr+1
0x02CC	0x227C      	CALL       _____DoICP
0x02CD	0x118A      	BCF        PCLATH, 3
0x02CE	0x120A      	BCF        PCLATH, 4
0x02CF	0x00F0      	MOVWF      R0
;sevenSeg.c,8 :: 		}
L_end_display7s:
0x02D0	0x0008      	RETURN
; end of _display7s
_Div_16X16_U:
;__Lib_Math.c,215 :: 		
;__Lib_Math.c,222 :: 		
0x02D1	0x1283      	BCF        STATUS, 5
;__Lib_Math.c,223 :: 		
0x02D2	0x1303      	BCF        STATUS, 6
;__Lib_Math.c,224 :: 		
0x02D3	0x01F8      	CLRF       R8
;__Lib_Math.c,225 :: 		
0x02D4	0x01F9      	CLRF       R9
;__Lib_Math.c,226 :: 		
0x02D5	0x3010      	MOVLW      16
;__Lib_Math.c,227 :: 		
0x02D6	0x00FC      	MOVWF      R12
;__Lib_Math.c,228 :: 		
0x02D7	0x0D71      	RLF        R1, 0
;__Lib_Math.c,229 :: 		
0x02D8	0x0DF8      	RLF        R8, 1
;__Lib_Math.c,230 :: 		
0x02D9	0x0DF9      	RLF        R9, 1
;__Lib_Math.c,231 :: 		
0x02DA	0x0874      	MOVF       R4, 0
;__Lib_Math.c,232 :: 		
0x02DB	0x02F8      	SUBWF      R8, 1
;__Lib_Math.c,233 :: 		
0x02DC	0x0875      	MOVF       R5, 0
;__Lib_Math.c,234 :: 		
0x02DD	0x1C03      	BTFSS      STATUS, 0
;__Lib_Math.c,235 :: 		
0x02DE	0x0F75      	INCFSZ     R5, 0
;__Lib_Math.c,236 :: 		
0x02DF	0x02F9      	SUBWF      R9, 1
;__Lib_Math.c,237 :: 		
0x02E0	0x1803      	BTFSC      STATUS, 0
;__Lib_Math.c,238 :: 		
0x02E1	0x2AE9      	GOTO       $+8
;__Lib_Math.c,239 :: 		
0x02E2	0x0874      	MOVF       R4, 0
;__Lib_Math.c,240 :: 		
0x02E3	0x07F8      	ADDWF      R8, 1
;__Lib_Math.c,241 :: 		
0x02E4	0x0875      	MOVF       R5, 0
;__Lib_Math.c,242 :: 		
0x02E5	0x1803      	BTFSC      STATUS, 0
;__Lib_Math.c,243 :: 		
0x02E6	0x0F75      	INCFSZ     R5, 0
;__Lib_Math.c,244 :: 		
0x02E7	0x07F9      	ADDWF      R9, 1
;__Lib_Math.c,245 :: 		
0x02E8	0x1003      	BCF        STATUS, 0
;__Lib_Math.c,246 :: 		
0x02E9	0x0DF0      	RLF        R0, 1
;__Lib_Math.c,247 :: 		
0x02EA	0x0DF1      	RLF        R1, 1
;__Lib_Math.c,248 :: 		
0x02EB	0x0BFC      	DECFSZ     R12, 1
;__Lib_Math.c,249 :: 		
0x02EC	0x2AD7      	GOTO       $-21
;__Lib_Math.c,251 :: 		
L_end_Div_16X16_U:
0x02ED	0x0008      	RETURN
; end of _Div_16X16_U
_Div_8X8_U:
;__Lib_Math.c,189 :: 		
;__Lib_Math.c,196 :: 		
0x02EE	0x1283      	BCF        STATUS, 5
;__Lib_Math.c,197 :: 		
0x02EF	0x1303      	BCF        STATUS, 6
;__Lib_Math.c,198 :: 		
0x02F0	0x01F8      	CLRF       R8
;__Lib_Math.c,199 :: 		
0x02F1	0x3008      	MOVLW      8
;__Lib_Math.c,200 :: 		
0x02F2	0x00FC      	MOVWF      R12
;__Lib_Math.c,201 :: 		
0x02F3	0x0D70      	RLF        R0, 0
;__Lib_Math.c,202 :: 		
0x02F4	0x0DF8      	RLF        R8, 1
;__Lib_Math.c,203 :: 		
0x02F5	0x0874      	MOVF       R4, 0
;__Lib_Math.c,204 :: 		
0x02F6	0x02F8      	SUBWF      R8, 1
;__Lib_Math.c,205 :: 		
0x02F7	0x1803      	BTFSC      STATUS, 0
;__Lib_Math.c,206 :: 		
0x02F8	0x2AFB      	GOTO       $+3
;__Lib_Math.c,207 :: 		
0x02F9	0x07F8      	ADDWF      R8, 1
;__Lib_Math.c,208 :: 		
0x02FA	0x1003      	BCF        STATUS, 0
;__Lib_Math.c,209 :: 		
0x02FB	0x0DF0      	RLF        R0, 1
;__Lib_Math.c,210 :: 		
0x02FC	0x0BFC      	DECFSZ     R12, 1
;__Lib_Math.c,211 :: 		
0x02FD	0x2AF3      	GOTO       $-10
;__Lib_Math.c,213 :: 		
L_end_Div_8X8_U:
0x02FE	0x0008      	RETURN
; end of _Div_8X8_U
_E2PROM_Write:
;E2PROM.c,40 :: 		void E2PROM_Write(unsigned int addr, unsigned char val)
;E2PROM.c,47 :: 		tmp=val;
0x02FF	0x1683      	BSF        STATUS, 5
0x0300	0x1303      	BCF        STATUS, 6
0x0301	0x0826      	MOVF       FARG_E2PROM_Write_val, 0
0x0302	0x00A7      	MOVWF      E2PROM_Write_tmp_L0
0x0303	0x01A8      	CLRF       E2PROM_Write_tmp_L0+1
;E2PROM.c,48 :: 		ah=(addr&0x0100)>>8;
0x0304	0x3000      	MOVLW      0
0x0305	0x0524      	ANDWF      FARG_E2PROM_Write_addr, 0
0x0306	0x00F3      	MOVWF      R3
0x0307	0x0825      	MOVF       FARG_E2PROM_Write_addr+1, 0
0x0308	0x3901      	ANDLW      1
0x0309	0x00F4      	MOVWF      R3+1
0x030A	0x0874      	MOVF       R3+1, 0
0x030B	0x00F0      	MOVWF      R0
0x030C	0x01F1      	CLRF       R0+1
0x030D	0x0870      	MOVF       R0, 0
0x030E	0x00A9      	MOVWF      E2PROM_Write_ah_L0
;E2PROM.c,49 :: 		al=addr&0x00FF;
0x030F	0x30FF      	MOVLW      255
0x0310	0x0524      	ANDWF      FARG_E2PROM_Write_addr, 0
0x0311	0x00AA      	MOVWF      E2PROM_Write_al_L0
;E2PROM.c,50 :: 		nt=0;
0x0312	0x01AB      	CLRF       E2PROM_Write_nt_L0
;E2PROM.c,52 :: 		do
L_E2PROM_Write4:
;E2PROM.c,54 :: 		I2C1_Start();
0x0313	0x20C3      	CALL       _I2C1_Start
;E2PROM.c,55 :: 		if(ah)
0x0314	0x1683      	BSF        STATUS, 5
0x0315	0x1303      	BCF        STATUS, 6
0x0316	0x0829      	MOVF       E2PROM_Write_ah_L0, 0
0x0317	0x1903      	BTFSC      STATUS, 2
0x0318	0x2B1E      	GOTO       L_E2PROM_Write7
;E2PROM.c,57 :: 		I2C1_Wr(0xA2);
0x0319	0x30A2      	MOVLW      162
0x031A	0x1283      	BCF        STATUS, 5
0x031B	0x00A9      	MOVWF      FARG_I2C1_Wr_data_
0x031C	0x2122      	CALL       _I2C1_Wr
;E2PROM.c,58 :: 		}
0x031D	0x2B23      	GOTO       L_E2PROM_Write8
L_E2PROM_Write7:
;E2PROM.c,61 :: 		I2C1_Wr(0xA0);
0x031E	0x30A0      	MOVLW      160
0x031F	0x1283      	BCF        STATUS, 5
0x0320	0x1303      	BCF        STATUS, 6
0x0321	0x00A9      	MOVWF      FARG_I2C1_Wr_data_
0x0322	0x2122      	CALL       _I2C1_Wr
;E2PROM.c,62 :: 		}
L_E2PROM_Write8:
;E2PROM.c,63 :: 		I2C1_Wr(al);
0x0323	0x1683      	BSF        STATUS, 5
0x0324	0x1303      	BCF        STATUS, 6
0x0325	0x082A      	MOVF       E2PROM_Write_al_L0, 0
0x0326	0x1283      	BCF        STATUS, 5
0x0327	0x00A9      	MOVWF      FARG_I2C1_Wr_data_
0x0328	0x2122      	CALL       _I2C1_Wr
;E2PROM.c,64 :: 		I2C1_Wr(tmp);
0x0329	0x1683      	BSF        STATUS, 5
0x032A	0x1303      	BCF        STATUS, 6
0x032B	0x0827      	MOVF       E2PROM_Write_tmp_L0, 0
0x032C	0x1283      	BCF        STATUS, 5
0x032D	0x00A9      	MOVWF      FARG_I2C1_Wr_data_
0x032E	0x2122      	CALL       _I2C1_Wr
;E2PROM.c,65 :: 		I2C1_Stop();
0x032F	0x2237      	CALL       _I2C1_Stop
;E2PROM.c,67 :: 		nt++;
0x0330	0x0AAB      	INCF       E2PROM_Write_nt_L0, 1
;E2PROM.c,69 :: 		while((tmp != E2PROM_Read(addr))&&(nt < 10));
0x0331	0x0824      	MOVF       FARG_E2PROM_Write_addr, 0
0x0332	0x00AC      	MOVWF      FARG_E2PROM_Read_addr
0x0333	0x0825      	MOVF       FARG_E2PROM_Write_addr+1, 0
0x0334	0x00AD      	MOVWF      FARG_E2PROM_Read_addr+1
0x0335	0x223B      	CALL       _E2PROM_Read
0x0336	0x3000      	MOVLW      0
0x0337	0x0628      	XORWF      E2PROM_Write_tmp_L0+1, 0
0x0338	0x1D03      	BTFSS      STATUS, 2
0x0339	0x2B3C      	GOTO       L__E2PROM_Write14
0x033A	0x0870      	MOVF       R0, 0
0x033B	0x0627      	XORWF      E2PROM_Write_tmp_L0, 0
L__E2PROM_Write14:
0x033C	0x1903      	BTFSC      STATUS, 2
0x033D	0x2B43      	GOTO       L__E2PROM_Write11
0x033E	0x300A      	MOVLW      10
0x033F	0x022B      	SUBWF      E2PROM_Write_nt_L0, 0
0x0340	0x1803      	BTFSC      STATUS, 0
0x0341	0x2B43      	GOTO       L__E2PROM_Write11
0x0342	0x2B13      	GOTO       L_E2PROM_Write4
L__E2PROM_Write11:
;E2PROM.c,70 :: 		}
L_end_E2PROM_Write:
0x0343	0x0008      	RETURN
; end of _E2PROM_Write
_ADC_Read:
;Temp_Sensor.c,21 :: 		u16 ADC_Read(void) {
;Temp_Sensor.c,23 :: 		while(Read_Bit(ADCON0,GO));
L_ADC_Read0:
0x0344	0x1283      	BCF        STATUS, 5
0x0345	0x1303      	BCF        STATUS, 6
0x0346	0x081F      	MOVF       ADCON0, 0
0x0347	0x00F1      	MOVWF      R1
0x0348	0x0CF1      	RRF        R1, 1
0x0349	0x13F1      	BCF        R1, 7
0x034A	0x0CF1      	RRF        R1, 1
0x034B	0x13F1      	BCF        R1, 7
0x034C	0x1C71      	BTFSS      R1, 0
0x034D	0x2B4F      	GOTO       L_ADC_Read1
0x034E	0x2B44      	GOTO       L_ADC_Read0
L_ADC_Read1:
;Temp_Sensor.c,25 :: 		return ((((unsigned int)ADRESH)<<2)|(ADRESL>>6));
0x034F	0x081E      	MOVF       ADRESH, 0
0x0350	0x00F1      	MOVWF      R1
0x0351	0x01F2      	CLRF       R1+1
0x0352	0x0871      	MOVF       R1, 0
0x0353	0x00F3      	MOVWF      R3
0x0354	0x0872      	MOVF       R1+1, 0
0x0355	0x00F4      	MOVWF      R3+1
0x0356	0x0DF3      	RLF        R3, 1
0x0357	0x0DF4      	RLF        R3+1, 1
0x0358	0x1073      	BCF        R3, 0
0x0359	0x0DF3      	RLF        R3, 1
0x035A	0x0DF4      	RLF        R3+1, 1
0x035B	0x1073      	BCF        R3, 0
0x035C	0x3006      	MOVLW      6
0x035D	0x00F1      	MOVWF      R1
0x035E	0x1683      	BSF        STATUS, 5
0x035F	0x081E      	MOVF       ADRESL, 0
0x0360	0x00F0      	MOVWF      R0
0x0361	0x0871      	MOVF       R1, 0
L__ADC_Read5:
0x0362	0x1903      	BTFSC      STATUS, 2
0x0363	0x2B68      	GOTO       L__ADC_Read6
0x0364	0x0CF0      	RRF        R0, 1
0x0365	0x13F0      	BCF        R0, 7
0x0366	0x3EFF      	ADDLW      255
0x0367	0x2B62      	GOTO       L__ADC_Read5
L__ADC_Read6:
0x0368	0x3000      	MOVLW      0
0x0369	0x00F1      	MOVWF      R0+1
0x036A	0x0873      	MOVF       R3, 0
0x036B	0x04F0      	IORWF      R0, 1
0x036C	0x0874      	MOVF       R3+1, 0
0x036D	0x04F1      	IORWF      R0+1, 1
;Temp_Sensor.c,26 :: 		}
L_end_ADC_Read:
0x036E	0x0008      	RETURN
; end of _ADC_Read
_Calculate_Temp_Avg:
;Set_Temp.c,34 :: 		u16 Calculate_Temp_Avg(void){
;Set_Temp.c,35 :: 		u16 sum = Temp_Avrage[0]+ Temp_Avrage[1]+Temp_Avrage[2]+Temp_Avrage[3]+Temp_Avrage[4]+Temp_Avrage[5]+Temp_Avrage[6]+Temp_Avrage[7]+Temp_Avrage[8]+Temp_Avrage[9];
0x036F	0x1283      	BCF        STATUS, 5
0x0370	0x1303      	BCF        STATUS, 6
0x0371	0x0838      	MOVF       Set_Temp_Temp_Avrage+2, 0
0x0372	0x0736      	ADDWF      Set_Temp_Temp_Avrage, 0
0x0373	0x00F0      	MOVWF      R0
0x0374	0x0837      	MOVF       Set_Temp_Temp_Avrage+1, 0
0x0375	0x1803      	BTFSC      STATUS, 0
0x0376	0x3E01      	ADDLW      1
0x0377	0x0739      	ADDWF      Set_Temp_Temp_Avrage+3, 0
0x0378	0x00F1      	MOVWF      R0+1
0x0379	0x083A      	MOVF       Set_Temp_Temp_Avrage+4, 0
0x037A	0x07F0      	ADDWF      R0, 1
0x037B	0x083B      	MOVF       Set_Temp_Temp_Avrage+5, 0
0x037C	0x1803      	BTFSC      STATUS, 0
0x037D	0x3E01      	ADDLW      1
0x037E	0x07F1      	ADDWF      R0+1, 1
0x037F	0x083C      	MOVF       Set_Temp_Temp_Avrage+6, 0
0x0380	0x07F0      	ADDWF      R0, 1
0x0381	0x083D      	MOVF       Set_Temp_Temp_Avrage+7, 0
0x0382	0x1803      	BTFSC      STATUS, 0
0x0383	0x3E01      	ADDLW      1
0x0384	0x07F1      	ADDWF      R0+1, 1
0x0385	0x083E      	MOVF       Set_Temp_Temp_Avrage+8, 0
0x0386	0x07F0      	ADDWF      R0, 1
0x0387	0x083F      	MOVF       Set_Temp_Temp_Avrage+9, 0
0x0388	0x1803      	BTFSC      STATUS, 0
0x0389	0x3E01      	ADDLW      1
0x038A	0x07F1      	ADDWF      R0+1, 1
0x038B	0x0840      	MOVF       Set_Temp_Temp_Avrage+10, 0
0x038C	0x07F0      	ADDWF      R0, 1
0x038D	0x0841      	MOVF       Set_Temp_Temp_Avrage+11, 0
0x038E	0x1803      	BTFSC      STATUS, 0
0x038F	0x3E01      	ADDLW      1
0x0390	0x07F1      	ADDWF      R0+1, 1
0x0391	0x0842      	MOVF       Set_Temp_Temp_Avrage+12, 0
0x0392	0x07F0      	ADDWF      R0, 1
0x0393	0x0843      	MOVF       Set_Temp_Temp_Avrage+13, 0
0x0394	0x1803      	BTFSC      STATUS, 0
0x0395	0x3E01      	ADDLW      1
0x0396	0x07F1      	ADDWF      R0+1, 1
0x0397	0x0844      	MOVF       Set_Temp_Temp_Avrage+14, 0
0x0398	0x07F0      	ADDWF      R0, 1
0x0399	0x0845      	MOVF       Set_Temp_Temp_Avrage+15, 0
0x039A	0x1803      	BTFSC      STATUS, 0
0x039B	0x3E01      	ADDLW      1
0x039C	0x07F1      	ADDWF      R0+1, 1
0x039D	0x0846      	MOVF       Set_Temp_Temp_Avrage+16, 0
0x039E	0x07F0      	ADDWF      R0, 1
0x039F	0x0847      	MOVF       Set_Temp_Temp_Avrage+17, 0
0x03A0	0x1803      	BTFSC      STATUS, 0
0x03A1	0x3E01      	ADDLW      1
0x03A2	0x07F1      	ADDWF      R0+1, 1
0x03A3	0x0848      	MOVF       Set_Temp_Temp_Avrage+18, 0
0x03A4	0x07F0      	ADDWF      R0, 1
0x03A5	0x0849      	MOVF       Set_Temp_Temp_Avrage+19, 0
0x03A6	0x1803      	BTFSC      STATUS, 0
0x03A7	0x3E01      	ADDLW      1
0x03A8	0x07F1      	ADDWF      R0+1, 1
;Set_Temp.c,37 :: 		sum = (sum/100);
0x03A9	0x3064      	MOVLW      100
0x03AA	0x00F4      	MOVWF      R4
0x03AB	0x3000      	MOVLW      0
0x03AC	0x00F5      	MOVWF      R4+1
0x03AD	0x22D1      	CALL       _Div_16X16_U
;Set_Temp.c,38 :: 		return sum ;
;Set_Temp.c,40 :: 		}
L_end_Calculate_Temp_Avg:
0x03AE	0x0008      	RETURN
; end of _Calculate_Temp_Avg
_Temp_push:
;Set_Temp.c,25 :: 		void Temp_push(u16 Current_water_temp ){
;Set_Temp.c,26 :: 		Temp_Avrage[ Avrage_push]= Current_water_temp;
0x03AF	0x1283      	BCF        STATUS, 5
0x03B0	0x1303      	BCF        STATUS, 6
0x03B1	0x0835      	MOVF       Set_Temp_Avrage_push, 0
0x03B2	0x00F0      	MOVWF      R0
0x03B3	0x0DF0      	RLF        R0, 1
0x03B4	0x1070      	BCF        R0, 0
0x03B5	0x0870      	MOVF       R0, 0
0x03B6	0x3E36      	ADDLW      Set_Temp_Temp_Avrage
0x03B7	0x0084      	MOVWF      FSR
0x03B8	0x086E      	MOVF       FARG_Temp_push_Current_water_temp, 0
0x03B9	0x0080      	MOVWF      INDF
0x03BA	0x086F      	MOVF       FARG_Temp_push_Current_water_temp+1, 0
0x03BB	0x0A84      	INCF       FSR, 1
0x03BC	0x0080      	MOVWF      INDF
;Set_Temp.c,28 :: 		Avrage_push++;
0x03BD	0x0AB5      	INCF       Set_Temp_Avrage_push, 1
;Set_Temp.c,30 :: 		if(Avrage_push==10){
0x03BE	0x0835      	MOVF       Set_Temp_Avrage_push, 0
0x03BF	0x3A0A      	XORLW      10
0x03C0	0x1D03      	BTFSS      STATUS, 2
0x03C1	0x2BC3      	GOTO       L_Temp_push2
;Set_Temp.c,31 :: 		Avrage_push=0;
0x03C2	0x01B5      	CLRF       Set_Temp_Avrage_push
;Set_Temp.c,32 :: 		}
L_Temp_push2:
;Set_Temp.c,33 :: 		}
L_end_Temp_push:
0x03C3	0x0008      	RETURN
; end of _Temp_push
_Timer0_Init:
;Timer_Interrupt.c,5 :: 		void Timer0_Init(void){
;Timer_Interrupt.c,6 :: 		OPTION_REG = 0x04;
0x03C4	0x3004      	MOVLW      4
0x03C5	0x1683      	BSF        STATUS, 5
0x03C6	0x1303      	BCF        STATUS, 6
0x03C7	0x0081      	MOVWF      OPTION_REG
;Timer_Interrupt.c,8 :: 		}
L_end_Timer0_Init:
0x03C8	0x0008      	RETURN
; end of _Timer0_Init
_HeaterON:
;periph_Inti.c,16 :: 		void HeaterON(void){
;periph_Inti.c,17 :: 		SET_BIT(PORTC,HEATER_PIN);
0x03C9	0x1283      	BCF        STATUS, 5
0x03CA	0x1303      	BCF        STATUS, 6
0x03CB	0x1687      	BSF        PORTC, 5
;periph_Inti.c,18 :: 		CLEAR_BIT(PORTC,COOLER_PIN);
0x03CC	0x1107      	BCF        PORTC, 2
;periph_Inti.c,19 :: 		}
L_end_HeaterON:
0x03CD	0x0008      	RETURN
; end of _HeaterON
_Enable_Timer0_Interrupt:
;Timer_Interrupt.c,10 :: 		void Enable_Timer0_Interrupt(void){
;Timer_Interrupt.c,12 :: 		INTCON = 0xA0;
0x03CE	0x30A0      	MOVLW      160
0x03CF	0x008B      	MOVWF      INTCON
;Timer_Interrupt.c,15 :: 		}
L_end_Enable_Timer0_Interrupt:
0x03D0	0x0008      	RETURN
; end of _Enable_Timer0_Interrupt
_Temp_Inc:
;Set_Temp.c,6 :: 		void Temp_Inc(void){
;Set_Temp.c,8 :: 		if((tempreture_set<75)){
0x03D1	0x304B      	MOVLW      75
0x03D2	0x1283      	BCF        STATUS, 5
0x03D3	0x1303      	BCF        STATUS, 6
0x03D4	0x0230      	SUBWF      _tempreture_set, 0
0x03D5	0x1803      	BTFSC      STATUS, 0
0x03D6	0x2BD9      	GOTO       L_Temp_Inc0
;Set_Temp.c,9 :: 		tempreture_set = tempreture_set+5;
0x03D7	0x3005      	MOVLW      5
0x03D8	0x07B0      	ADDWF      _tempreture_set, 1
;Set_Temp.c,10 :: 		}
L_Temp_Inc0:
;Set_Temp.c,11 :: 		E2PROM_Write(Temp_Address,tempreture_set);
0x03D9	0x3002      	MOVLW      2
0x03DA	0x1683      	BSF        STATUS, 5
0x03DB	0x00A4      	MOVWF      FARG_E2PROM_Write_addr
0x03DC	0x3000      	MOVLW      0
0x03DD	0x00A5      	MOVWF      FARG_E2PROM_Write_addr+1
0x03DE	0x1283      	BCF        STATUS, 5
0x03DF	0x0830      	MOVF       _tempreture_set, 0
0x03E0	0x1683      	BSF        STATUS, 5
0x03E1	0x00A6      	MOVWF      FARG_E2PROM_Write_val
0x03E2	0x22FF      	CALL       _E2PROM_Write
;Set_Temp.c,13 :: 		}
L_end_Temp_Inc:
0x03E3	0x0008      	RETURN
; end of _Temp_Inc
_Cooler_ON:
;periph_Inti.c,20 :: 		void Cooler_ON (void){
;periph_Inti.c,21 :: 		SET_BIT(PORTC,COOLER_PIN);
0x03E4	0x1283      	BCF        STATUS, 5
0x03E5	0x1303      	BCF        STATUS, 6
0x03E6	0x1507      	BSF        PORTC, 2
;periph_Inti.c,22 :: 		CLEAR_BIT(PORTC,HEATER_PIN);
0x03E7	0x1287      	BCF        PORTC, 5
;periph_Inti.c,23 :: 		}
L_end_Cooler_ON:
0x03E8	0x0008      	RETURN
; end of _Cooler_ON
_Cooler_Heater_OFF:
;periph_Inti.c,25 :: 		void Cooler_Heater_OFF (void){
;periph_Inti.c,26 :: 		CLEAR_BIT(PORTC,COOLER_PIN);
0x03E9	0x1283      	BCF        STATUS, 5
0x03EA	0x1303      	BCF        STATUS, 6
0x03EB	0x1107      	BCF        PORTC, 2
;periph_Inti.c,27 :: 		CLEAR_BIT(PORTC,HEATER_PIN);
0x03EC	0x1287      	BCF        PORTC, 5
;periph_Inti.c,28 :: 		CLEAR_BIT(PORTB,HEATER_LED);
0x03ED	0x1206      	BCF        PORTB, 4
;periph_Inti.c,29 :: 		}
L_end_Cooler_Heater_OFF:
0x03EE	0x0008      	RETURN
; end of _Cooler_Heater_OFF
_DIO_Inti:
;periph_Inti.c,5 :: 		void DIO_Inti(void){
;periph_Inti.c,7 :: 		TRISA=0xC7;
0x03EF	0x30C7      	MOVLW      199
0x03F0	0x1683      	BSF        STATUS, 5
0x03F1	0x1303      	BCF        STATUS, 6
0x03F2	0x0085      	MOVWF      TRISA
;periph_Inti.c,8 :: 		TRISB=0x07;
0x03F3	0x3007      	MOVLW      7
0x03F4	0x0086      	MOVWF      TRISB
;periph_Inti.c,9 :: 		TRISC=0x01;
0x03F5	0x3001      	MOVLW      1
0x03F6	0x0087      	MOVWF      TRISC
;periph_Inti.c,10 :: 		TRISD=0x00;
0x03F7	0x0188      	CLRF       TRISD
;periph_Inti.c,13 :: 		}
L_end_DIO_Inti:
0x03F8	0x0008      	RETURN
; end of _DIO_Inti
_I2C1_Init:
;__Lib_I2C_c34.c,188 :: 		
;__Lib_I2C_c34.c,190 :: 		
0x03F9	0x30B3      	MOVLW      _I2C1_Is_Idle
0x03FA	0x1283      	BCF        STATUS, 5
0x03FB	0x1303      	BCF        STATUS, 6
0x03FC	0x00E4      	MOVWF      _I2C_Is_Idle_Ptr
0x03FD	0x3000      	MOVLW      hi_addr(_I2C1_Is_Idle)
0x03FE	0x00E5      	MOVWF      _I2C_Is_Idle_Ptr+1
0x03FF	0x3000      	MOVLW      0
0x0400	0x00E6      	MOVWF      _I2C_Is_Idle_Ptr+2
0x0401	0x3000      	MOVLW      0
;__Lib_I2C_c34.c,191 :: 		
0x0402	0x30C3      	MOVLW      _I2C1_Start
0x0403	0x00E1      	MOVWF      _I2C_Start_Ptr
0x0404	0x3000      	MOVLW      hi_addr(_I2C1_Start)
0x0405	0x00E2      	MOVWF      _I2C_Start_Ptr+1
0x0406	0x3000      	MOVLW      0
0x0407	0x00E3      	MOVWF      _I2C_Start_Ptr+2
0x0408	0x3000      	MOVLW      0
;__Lib_I2C_c34.c,192 :: 		
0x0409	0x30FF      	MOVLW      _I2C1_Repeated_Start
0x040A	0x00D8      	MOVWF      _I2C_Restart_Ptr
0x040B	0x30FF      	MOVLW      hi_addr(_I2C1_Repeated_Start)
0x040C	0x00D9      	MOVWF      _I2C_Restart_Ptr+1
0x040D	0x3000      	MOVLW      0
0x040E	0x00DA      	MOVWF      _I2C_Restart_Ptr+2
0x040F	0x3000      	MOVLW      0
;__Lib_I2C_c34.c,193 :: 		
0x0410	0x30A8      	MOVLW      _I2C1_Rd
0x0411	0x00D5      	MOVWF      _I2C_Read_Ptr
0x0412	0x3001      	MOVLW      hi_addr(_I2C1_Rd)
0x0413	0x00D6      	MOVWF      _I2C_Read_Ptr+1
0x0414	0x3028      	MOVLW      FARG_I2C1_Rd_ack
0x0415	0x00D7      	MOVWF      _I2C_Read_Ptr+2
0x0416	0x3000      	MOVLW      hi_addr(FARG_I2C1_Rd_ack)
;__Lib_I2C_c34.c,194 :: 		
0x0417	0x3022      	MOVLW      _I2C1_Wr
0x0418	0x00DB      	MOVWF      _I2C_Write_Ptr
0x0419	0x3001      	MOVLW      hi_addr(_I2C1_Wr)
0x041A	0x00DC      	MOVWF      _I2C_Write_Ptr+1
0x041B	0x3029      	MOVLW      FARG_I2C1_Wr_data_
0x041C	0x00DD      	MOVWF      _I2C_Write_Ptr+2
0x041D	0x3000      	MOVLW      hi_addr(FARG_I2C1_Wr_data_)
;__Lib_I2C_c34.c,195 :: 		
0x041E	0x3037      	MOVLW      _I2C1_Stop
0x041F	0x00DE      	MOVWF      _I2C_Stop_Ptr
0x0420	0x3002      	MOVLW      hi_addr(_I2C1_Stop)
0x0421	0x00DF      	MOVWF      _I2C_Stop_Ptr+1
0x0422	0x3000      	MOVLW      0
0x0423	0x00E0      	MOVWF      _I2C_Stop_Ptr+2
0x0424	0x3000      	MOVLW      0
;__Lib_I2C_c34.c,197 :: 		
0x0425	0x1683      	BSF        STATUS, 5
0x0426	0x1314      	BCF        SSPSTAT, 6
;__Lib_I2C_c34.c,198 :: 		
0x0427	0x1394      	BCF        SSPSTAT, 7
;__Lib_I2C_c34.c,199 :: 		
0x0428	0x1607      	BSF        TRISC4_bit, BitPos(TRISC4_bit+0)
;__Lib_I2C_c34.c,200 :: 		
0x0429	0x1587      	BSF        TRISC3_bit, BitPos(TRISC3_bit+0)
;__Lib_I2C_c34.c,201 :: 		
0x042A	0x3038      	MOVLW      56
0x042B	0x1283      	BCF        STATUS, 5
0x042C	0x0094      	MOVWF      SSPCON
;__Lib_I2C_c34.c,202 :: 		
L_end_I2C1_Init:
0x042D	0x0008      	RETURN
; end of _I2C1_Init
_ADC_Start_Conv:
;Temp_Sensor.c,13 :: 		void ADC_Start_Conv()
;Temp_Sensor.c,16 :: 		ADCON0=0x11;
0x042E	0x3011      	MOVLW      17
0x042F	0x1283      	BCF        STATUS, 5
0x0430	0x1303      	BCF        STATUS, 6
0x0431	0x009F      	MOVWF      ADCON0
;Temp_Sensor.c,18 :: 		SET_BIT(ADCON0,GO);
0x0432	0x151F      	BSF        ADCON0, 2
;Temp_Sensor.c,19 :: 		}
L_end_ADC_Start_Conv:
0x0433	0x0008      	RETURN
; end of _ADC_Start_Conv
_Temp_Dec:
;Set_Temp.c,16 :: 		void Temp_Dec(void){
;Set_Temp.c,18 :: 		if((tempreture_set >35)){
0x0434	0x1283      	BCF        STATUS, 5
0x0435	0x1303      	BCF        STATUS, 6
0x0436	0x0830      	MOVF       _tempreture_set, 0
0x0437	0x3C23      	SUBLW      35
0x0438	0x1803      	BTFSC      STATUS, 0
0x0439	0x2C3C      	GOTO       L_Temp_Dec1
;Set_Temp.c,19 :: 		tempreture_set -=5;  }
0x043A	0x3005      	MOVLW      5
0x043B	0x02B0      	SUBWF      _tempreture_set, 1
L_Temp_Dec1:
;Set_Temp.c,21 :: 		E2PROM_Write(Temp_Address,tempreture_set);
0x043C	0x3002      	MOVLW      2
0x043D	0x1683      	BSF        STATUS, 5
0x043E	0x00A4      	MOVWF      FARG_E2PROM_Write_addr
0x043F	0x3000      	MOVLW      0
0x0440	0x00A5      	MOVWF      FARG_E2PROM_Write_addr+1
0x0441	0x1283      	BCF        STATUS, 5
0x0442	0x0830      	MOVF       _tempreture_set, 0
0x0443	0x1683      	BSF        STATUS, 5
0x0444	0x00A6      	MOVWF      FARG_E2PROM_Write_val
0x0445	0x22FF      	CALL       _E2PROM_Write
;Set_Temp.c,24 :: 		}
L_end_Temp_Dec:
0x0446	0x0008      	RETURN
; end of _Temp_Dec
_SEGMENT_Display_2Digit:
;sevenSeg.c,10 :: 		void SEGMENT_Display_2Digit(u8 num){
;sevenSeg.c,12 :: 		PORTD=display7s(num%10);
0x0447	0x300A      	MOVLW      10
0x0448	0x1283      	BCF        STATUS, 5
0x0449	0x1303      	BCF        STATUS, 6
0x044A	0x00F4      	MOVWF      R4
0x044B	0x086E      	MOVF       FARG_SEGMENT_Display_2Digit_num, 0
0x044C	0x00F0      	MOVWF      R0
0x044D	0x22EE      	CALL       _Div_8X8_U
0x044E	0x0878      	MOVF       R8, 0
0x044F	0x00F0      	MOVWF      R0
0x0450	0x0870      	MOVF       R0, 0
0x0451	0x1683      	BSF        STATUS, 5
0x0452	0x00A4      	MOVWF      FARG_display7s_v
0x0453	0x22BA      	CALL       _display7s
0x0454	0x0870      	MOVF       R0, 0
0x0455	0x0088      	MOVWF      PORTD
;sevenSeg.c,13 :: 		PORTA=0x20;
0x0456	0x3020      	MOVLW      32
0x0457	0x0085      	MOVWF      PORTA
;sevenSeg.c,14 :: 		Delay_ms(1);
0x0458	0x3007      	MOVLW      7
0x0459	0x00FC      	MOVWF      R12
0x045A	0x307D      	MOVLW      125
0x045B	0x00FD      	MOVWF      R13
L_SEGMENT_Display_2Digit0:
0x045C	0x0BFD      	DECFSZ     R13, 1
0x045D	0x2C5C      	GOTO       L_SEGMENT_Display_2Digit0
0x045E	0x0BFC      	DECFSZ     R12, 1
0x045F	0x2C5C      	GOTO       L_SEGMENT_Display_2Digit0
;sevenSeg.c,16 :: 		PORTD=display7s(num/10);
0x0460	0x300A      	MOVLW      10
0x0461	0x00F4      	MOVWF      R4
0x0462	0x086E      	MOVF       FARG_SEGMENT_Display_2Digit_num, 0
0x0463	0x00F0      	MOVWF      R0
0x0464	0x22EE      	CALL       _Div_8X8_U
0x0465	0x0870      	MOVF       R0, 0
0x0466	0x1683      	BSF        STATUS, 5
0x0467	0x00A4      	MOVWF      FARG_display7s_v
0x0468	0x22BA      	CALL       _display7s
0x0469	0x0870      	MOVF       R0, 0
0x046A	0x0088      	MOVWF      PORTD
;sevenSeg.c,17 :: 		PORTA=0x10;
0x046B	0x3010      	MOVLW      16
0x046C	0x0085      	MOVWF      PORTA
;sevenSeg.c,18 :: 		Delay_ms(1);
0x046D	0x3007      	MOVLW      7
0x046E	0x00FC      	MOVWF      R12
0x046F	0x307D      	MOVLW      125
0x0470	0x00FD      	MOVWF      R13
L_SEGMENT_Display_2Digit1:
0x0471	0x0BFD      	DECFSZ     R13, 1
0x0472	0x2C71      	GOTO       L_SEGMENT_Display_2Digit1
0x0473	0x0BFC      	DECFSZ     R12, 1
0x0474	0x2C71      	GOTO       L_SEGMENT_Display_2Digit1
;sevenSeg.c,20 :: 		}
L_end_SEGMENT_Display_2Digit:
0x0475	0x0008      	RETURN
; end of _SEGMENT_Display_2Digit
_Display_OFF:
;sevenSeg.c,21 :: 		void Display_OFF (void){
;sevenSeg.c,23 :: 		CLEAR_BIT(PORTA,SEG_F);
0x0476	0x1283      	BCF        STATUS, 5
0x0477	0x1303      	BCF        STATUS, 6
0x0478	0x1285      	BCF        PORTA, 5
;sevenSeg.c,24 :: 		CLEAR_BIT(PORTA,SEG_S);
0x0479	0x1205      	BCF        PORTA, 4
;sevenSeg.c,26 :: 		}
L_end_Display_OFF:
0x047A	0x0008      	RETURN
; end of _Display_OFF
___CC2DW:
;__Lib_System.c,134 :: 		
;__Lib_System.c,137 :: 		
_CC2D_Loop1:
;__Lib_System.c,139 :: 		
0x047B	0x227C      	CALL       _____DoICP
0x047C	0x118A      	BCF        PCLATH, 3
0x047D	0x120A      	BCF        PCLATH, 4
;__Lib_System.c,141 :: 		
0x047E	0x0080      	MOVWF      INDF
;__Lib_System.c,142 :: 		
0x047F	0x0A84      	INCF       FSR, 1
;__Lib_System.c,143 :: 		
0x0480	0x0AEA      	INCF       ___DoICPAddr, 1
;__Lib_System.c,145 :: 		
0x0481	0x1903      	BTFSC      STATUS, 2
;__Lib_System.c,146 :: 		
0x0482	0x0AEB      	INCF       ___DoICPAddr+1, 1
;__Lib_System.c,147 :: 		
0x0483	0x03F0      	DECF       R0, 1
;__Lib_System.c,149 :: 		
0x0484	0x1D03      	BTFSS      STATUS, 2
;__Lib_System.c,150 :: 		
0x0485	0x2C7B      	GOTO       _CC2D_Loop1
;__Lib_System.c,152 :: 		
L_end___CC2DW:
0x0486	0x0008      	RETURN
; end of ___CC2DW
_Temp_calc:
;Temp_Sensor.c,28 :: 		u16 Temp_calc(void){
;Temp_Sensor.c,30 :: 		u16 adc= ADC_Read();
0x0487	0x2344      	CALL       _ADC_Read
;Temp_Sensor.c,32 :: 		u16 volt = (u32)adc*5000/1024;
0x0488	0x3000      	MOVLW      0
0x0489	0x1283      	BCF        STATUS, 5
0x048A	0x1303      	BCF        STATUS, 6
0x048B	0x00F2      	MOVWF      R0+2
0x048C	0x00F3      	MOVWF      R0+3
0x048D	0x3088      	MOVLW      136
0x048E	0x00F4      	MOVWF      R4
0x048F	0x3013      	MOVLW      19
0x0490	0x00F5      	MOVWF      R4+1
0x0491	0x01F6      	CLRF       R4+2
0x0492	0x01F7      	CLRF       R4+3
0x0493	0x2283      	CALL       _Mul_32x32_U
0x0494	0x300A      	MOVLW      10
0x0495	0x00F8      	MOVWF      R8
0x0496	0x0870      	MOVF       R0, 0
0x0497	0x00F4      	MOVWF      R4
0x0498	0x0871      	MOVF       R0+1, 0
0x0499	0x00F5      	MOVWF      R4+1
0x049A	0x0872      	MOVF       R0+2, 0
0x049B	0x00F6      	MOVWF      R4+2
0x049C	0x0873      	MOVF       R0+3, 0
0x049D	0x00F7      	MOVWF      R4+3
0x049E	0x0878      	MOVF       R8, 0
L__Temp_calc8:
0x049F	0x1903      	BTFSC      STATUS, 2
0x04A0	0x2CA8      	GOTO       L__Temp_calc9
0x04A1	0x0CF7      	RRF        R4+3, 1
0x04A2	0x0CF6      	RRF        R4+2, 1
0x04A3	0x0CF5      	RRF        R4+1, 1
0x04A4	0x0CF4      	RRF        R4, 1
0x04A5	0x13F7      	BCF        R4+3, 7
0x04A6	0x3EFF      	ADDLW      255
0x04A7	0x2C9F      	GOTO       L__Temp_calc8
L__Temp_calc9:
;Temp_Sensor.c,34 :: 		return volt;
0x04A8	0x0874      	MOVF       R4, 0
0x04A9	0x00F0      	MOVWF      R0
0x04AA	0x0875      	MOVF       R4+1, 0
0x04AB	0x00F1      	MOVWF      R0+1
;Temp_Sensor.c,35 :: 		}
L_end_Temp_calc:
0x04AC	0x0008      	RETURN
; end of _Temp_calc
_ADC_Init:
;Temp_Sensor.c,4 :: 		void ADC_Init(void)
;Temp_Sensor.c,7 :: 		ADCON1=0x02;
0x04AD	0x3002      	MOVLW      2
0x04AE	0x1683      	BSF        STATUS, 5
0x04AF	0x1303      	BCF        STATUS, 6
0x04B0	0x009F      	MOVWF      ADCON1
;Temp_Sensor.c,8 :: 		ADCON0=0x41;
0x04B1	0x3041      	MOVLW      65
0x04B2	0x1283      	BCF        STATUS, 5
0x04B3	0x009F      	MOVWF      ADCON0
;Temp_Sensor.c,11 :: 		}
L_end_ADC_Init:
0x04B4	0x0008      	RETURN
; end of _ADC_Init
_main:
0x04B5	0x2606      	CALL       1542
;Elec_water.c,82 :: 		void main() {
;Elec_water.c,83 :: 		I2C1_Init(100000);
0x04B6	0x3032      	MOVLW      50
0x04B7	0x1683      	BSF        STATUS, 5
0x04B8	0x1303      	BCF        STATUS, 6
0x04B9	0x0093      	MOVWF      SSPADD
0x04BA	0x23F9      	CALL       _I2C1_Init
;Elec_water.c,85 :: 		tempreture_set =  E2PROM_Read(Temp_Address);    // load data from EEPROM address 2
0x04BB	0x3002      	MOVLW      2
0x04BC	0x1683      	BSF        STATUS, 5
0x04BD	0x00AC      	MOVWF      FARG_E2PROM_Read_addr
0x04BE	0x3000      	MOVLW      0
0x04BF	0x00AD      	MOVWF      FARG_E2PROM_Read_addr+1
0x04C0	0x223B      	CALL       _E2PROM_Read
0x04C1	0x0870      	MOVF       R0, 0
0x04C2	0x1283      	BCF        STATUS, 5
0x04C3	0x00B0      	MOVWF      _tempreture_set
;Elec_water.c,88 :: 		Timer0_Init();
0x04C4	0x23C4      	CALL       _Timer0_Init
;Elec_water.c,90 :: 		DIO_Inti();
0x04C5	0x23EF      	CALL       _DIO_Inti
;Elec_water.c,91 :: 		ADC_Init() ;
0x04C6	0x24AD      	CALL       _ADC_Init
;Elec_water.c,94 :: 		while(1)
L_main8:
;Elec_water.c,104 :: 		while( heater_state == HEATER_OFF)                {
L_main10:
0x04C7	0x082F      	MOVF       _heater_state, 0
0x04C8	0x3A00      	XORLW      0
0x04C9	0x1D03      	BTFSS      STATUS, 2
0x04CA	0x2CE6      	GOTO       L_main11
;Elec_water.c,106 :: 		if( !Read_Bit(PORTB,ON_OFF_BUTTON )){               // check if the ON/OFF button is pressed
0x04CB	0x0806      	MOVF       PORTB, 0
0x04CC	0x00F1      	MOVWF      R1
0x04CD	0x0CF1      	RRF        R1, 1
0x04CE	0x13F1      	BCF        R1, 7
0x04CF	0x0CF1      	RRF        R1, 1
0x04D0	0x13F1      	BCF        R1, 7
0x04D1	0x1871      	BTFSC      R1, 0
0x04D2	0x2CDE      	GOTO       L_main12
;Elec_water.c,107 :: 		heater_state = HEATER_ON;                      //flag to change the heater state
0x04D3	0x3001      	MOVLW      1
0x04D4	0x00AF      	MOVWF      _heater_state
;Elec_water.c,108 :: 		while( !Read_Bit(PORTB,ON_OFF_BUTTON ));
L_main13:
0x04D5	0x0806      	MOVF       PORTB, 0
0x04D6	0x00F1      	MOVWF      R1
0x04D7	0x0CF1      	RRF        R1, 1
0x04D8	0x13F1      	BCF        R1, 7
0x04D9	0x0CF1      	RRF        R1, 1
0x04DA	0x13F1      	BCF        R1, 7
0x04DB	0x1871      	BTFSC      R1, 0
0x04DC	0x2CDE      	GOTO       L_main14
0x04DD	0x2CD5      	GOTO       L_main13
L_main14:
;Elec_water.c,109 :: 		}
L_main12:
;Elec_water.c,111 :: 		if(flag_Heater_OFF==1){          // turn off all the seven segment ,heater,cooler ,led
0x04DE	0x0831      	MOVF       _flag_Heater_OFF, 0
0x04DF	0x3A01      	XORLW      1
0x04E0	0x1D03      	BTFSS      STATUS, 2
0x04E1	0x2CE5      	GOTO       L_main15
;Elec_water.c,113 :: 		Display_OFF();                 // as we didn't have to turn them many times
0x04E2	0x2476      	CALL       _Display_OFF
;Elec_water.c,114 :: 		Cooler_Heater_OFF ();
0x04E3	0x23E9      	CALL       _Cooler_Heater_OFF
;Elec_water.c,115 :: 		flag_Heater_OFF=0;     }
0x04E4	0x01B1      	CLRF       _flag_Heater_OFF
L_main15:
;Elec_water.c,117 :: 		}
0x04E5	0x2CC7      	GOTO       L_main10
L_main11:
;Elec_water.c,123 :: 		while(  heater_state == HEATER_ON ){
L_main16:
0x04E6	0x082F      	MOVF       _heater_state, 0
0x04E7	0x3A01      	XORLW      1
0x04E8	0x1D03      	BTFSS      STATUS, 2
0x04E9	0x2DCB      	GOTO       L_main17
;Elec_water.c,127 :: 		if (flag_Heater_OFF==0){    // when it turns from the OFF state to the ON state i take a shot from the water temperature
0x04EA	0x0831      	MOVF       _flag_Heater_OFF, 0
0x04EB	0x3A00      	XORLW      0
0x04EC	0x1D03      	BTFSS      STATUS, 2
0x04ED	0x2CF6      	GOTO       L_main18
;Elec_water.c,129 :: 		ADC_Start_Conv();
0x04EE	0x242E      	CALL       _ADC_Start_Conv
;Elec_water.c,131 :: 		Water_Temp =Temp_calc();
0x04EF	0x2487      	CALL       _Temp_calc
0x04F0	0x0870      	MOVF       R0, 0
0x04F1	0x00D1      	MOVWF      _Water_Temp
0x04F2	0x0871      	MOVF       R0+1, 0
0x04F3	0x00D2      	MOVWF      _Water_Temp+1
;Elec_water.c,133 :: 		flag_Heater_OFF=1;           // set the "flag_Heater_OFF" to turn off all when go to the OFF state
0x04F4	0x3001      	MOVLW      1
0x04F5	0x00B1      	MOVWF      _flag_Heater_OFF
;Elec_water.c,134 :: 		}
L_main18:
;Elec_water.c,141 :: 		if( !Read_Bit(PORTB,ON_OFF_BUTTON ))         {
0x04F6	0x0806      	MOVF       PORTB, 0
0x04F7	0x00F1      	MOVWF      R1
0x04F8	0x0CF1      	RRF        R1, 1
0x04F9	0x13F1      	BCF        R1, 7
0x04FA	0x0CF1      	RRF        R1, 1
0x04FB	0x13F1      	BCF        R1, 7
0x04FC	0x1871      	BTFSC      R1, 0
0x04FD	0x2D09      	GOTO       L_main19
;Elec_water.c,143 :: 		heater_state = HEATER_OFF;
0x04FE	0x01AF      	CLRF       _heater_state
;Elec_water.c,145 :: 		while( !Read_Bit(PORTB,ON_OFF_BUTTON ));
L_main20:
0x04FF	0x0806      	MOVF       PORTB, 0
0x0500	0x00F1      	MOVWF      R1
0x0501	0x0CF1      	RRF        R1, 1
0x0502	0x13F1      	BCF        R1, 7
0x0503	0x0CF1      	RRF        R1, 1
0x0504	0x13F1      	BCF        R1, 7
0x0505	0x1871      	BTFSC      R1, 0
0x0506	0x2D08      	GOTO       L_main21
0x0507	0x2CFF      	GOTO       L_main20
L_main21:
;Elec_water.c,147 :: 		}
0x0508	0x2DCA      	GOTO       L_main22
L_main19:
;Elec_water.c,154 :: 		if ( ((!Read_Bit(PORTB,UP_Button)) || (!Read_Bit(PORTB,DOWN_Button))) && (Temp_Setting==Temp_Setting_OFF) )   // press up , down for the first time , it just open the setting mode
0x0509	0x0806      	MOVF       PORTB, 0
0x050A	0x00F1      	MOVWF      R1
0x050B	0x0CF1      	RRF        R1, 1
0x050C	0x13F1      	BCF        R1, 7
0x050D	0x1C71      	BTFSS      R1, 0
0x050E	0x2D14      	GOTO       L__main56
0x050F	0x0806      	MOVF       PORTB, 0
0x0510	0x00F1      	MOVWF      R1
0x0511	0x1C71      	BTFSS      R1, 0
0x0512	0x2D14      	GOTO       L__main56
0x0513	0x2D2F      	GOTO       L_main27
L__main56:
0x0514	0x0832      	MOVF       _Temp_Setting, 0
0x0515	0x3A00      	XORLW      0
0x0516	0x1D03      	BTFSS      STATUS, 2
0x0517	0x2D2F      	GOTO       L_main27
L__main55:
;Elec_water.c,157 :: 		TMR0 = 155;
0x0518	0x309B      	MOVLW      155
0x0519	0x0081      	MOVWF      TMR0
;Elec_water.c,158 :: 		cnt_5s_Flag=0;
0x051A	0x01CF      	CLRF       _cnt_5s_Flag
0x051B	0x01D0      	CLRF       _cnt_5s_Flag+1
;Elec_water.c,159 :: 		Enable_Timer0_Interrupt();
0x051C	0x23CE      	CALL       _Enable_Timer0_Interrupt
;Elec_water.c,162 :: 		Temp_Setting=Temp_Setting_ON;            // open the setting mode and enable the counter flag on the interrupt to count
0x051D	0x3001      	MOVLW      1
0x051E	0x00B2      	MOVWF      _Temp_Setting
;Elec_water.c,164 :: 		TempSet_Flag=0;                      // clear all the other flags
0x051F	0x01AC      	CLRF       _TempSet_Flag
;Elec_water.c,165 :: 		cnt_Temp_Read_Flag=0;
0x0520	0x01AB      	CLRF       _cnt_Temp_Read_Flag
;Elec_water.c,166 :: 		flag_heat_element_on=0;
0x0521	0x01CE      	CLRF       _flag_heat_element_on
;Elec_water.c,168 :: 		Cooler_Heater_OFF ();                 // turn off cooler , heater  and the led
0x0522	0x23E9      	CALL       _Cooler_Heater_OFF
;Elec_water.c,170 :: 		while((!Read_Bit(PORTB,UP_Button)) || (!Read_Bit(PORTB,DOWN_Button)));
L_main28:
0x0523	0x0806      	MOVF       PORTB, 0
0x0524	0x00F1      	MOVWF      R1
0x0525	0x0CF1      	RRF        R1, 1
0x0526	0x13F1      	BCF        R1, 7
0x0527	0x1C71      	BTFSS      R1, 0
0x0528	0x2D2E      	GOTO       L__main54
0x0529	0x0806      	MOVF       PORTB, 0
0x052A	0x00F1      	MOVWF      R1
0x052B	0x1C71      	BTFSS      R1, 0
0x052C	0x2D2E      	GOTO       L__main54
0x052D	0x2D2F      	GOTO       L_main29
L__main54:
0x052E	0x2D23      	GOTO       L_main28
L_main29:
;Elec_water.c,171 :: 		}
L_main27:
;Elec_water.c,177 :: 		while((Temp_Setting==Temp_Setting_ON)&& Read_Bit(PORTB,ON_OFF_BUTTON )){        // if flag is set and the on/off button don't be pressed
L_main32:
0x052F	0x0832      	MOVF       _Temp_Setting, 0
0x0530	0x3A01      	XORLW      1
0x0531	0x1D03      	BTFSS      STATUS, 2
0x0532	0x2D68      	GOTO       L_main33
0x0533	0x0806      	MOVF       PORTB, 0
0x0534	0x00F1      	MOVWF      R1
0x0535	0x0CF1      	RRF        R1, 1
0x0536	0x13F1      	BCF        R1, 7
0x0537	0x0CF1      	RRF        R1, 1
0x0538	0x13F1      	BCF        R1, 7
0x0539	0x1C71      	BTFSS      R1, 0
0x053A	0x2D68      	GOTO       L_main33
L__main53:
;Elec_water.c,179 :: 		if(!Read_Bit(PORTB,UP_Button)) {      //////////////  up button pressed    /////
0x053B	0x0806      	MOVF       PORTB, 0
0x053C	0x00F1      	MOVWF      R1
0x053D	0x0CF1      	RRF        R1, 1
0x053E	0x13F1      	BCF        R1, 7
0x053F	0x1871      	BTFSC      R1, 0
0x0540	0x2D4F      	GOTO       L_main36
;Elec_water.c,180 :: 		TMR0 = 155;                       // if the up button ,start to count the 5 s from the first
0x0541	0x309B      	MOVLW      155
0x0542	0x0081      	MOVWF      TMR0
;Elec_water.c,181 :: 		cnt_5s_Flag=0;                     // counter flag count the 5000ms in the interrupt
0x0543	0x01CF      	CLRF       _cnt_5s_Flag
0x0544	0x01D0      	CLRF       _cnt_5s_Flag+1
;Elec_water.c,183 :: 		Temp_Inc();                      // temp +=5;
0x0545	0x23D1      	CALL       _Temp_Inc
;Elec_water.c,185 :: 		while(!Read_Bit(PORTB,UP_Button));
L_main37:
0x0546	0x1283      	BCF        STATUS, 5
0x0547	0x0806      	MOVF       PORTB, 0
0x0548	0x00F1      	MOVWF      R1
0x0549	0x0CF1      	RRF        R1, 1
0x054A	0x13F1      	BCF        R1, 7
0x054B	0x1871      	BTFSC      R1, 0
0x054C	0x2D4E      	GOTO       L_main38
0x054D	0x2D46      	GOTO       L_main37
L_main38:
;Elec_water.c,187 :: 		}
0x054E	0x2D5E      	GOTO       L_main39
L_main36:
;Elec_water.c,189 :: 		else if((! Read_Bit(PORTB,DOWN_Button)) ){      ////////DOWN  button pressed    ///
0x054F	0x0806      	MOVF       PORTB, 0
0x0550	0x00F1      	MOVWF      R1
0x0551	0x1871      	BTFSC      R1, 0
0x0552	0x2D5E      	GOTO       L_main40
;Elec_water.c,190 :: 		TMR0 = 155;                         // if the down button ,start to count the 5 s from the first
0x0553	0x309B      	MOVLW      155
0x0554	0x0081      	MOVWF      TMR0
;Elec_water.c,191 :: 		cnt_5s_Flag=0;
0x0555	0x01CF      	CLRF       _cnt_5s_Flag
0x0556	0x01D0      	CLRF       _cnt_5s_Flag+1
;Elec_water.c,193 :: 		Temp_Dec();                       //  temp -=5;
0x0557	0x2434      	CALL       _Temp_Dec
;Elec_water.c,195 :: 		while(!Read_Bit(PORTB,DOWN_Button));
L_main41:
0x0558	0x1283      	BCF        STATUS, 5
0x0559	0x0806      	MOVF       PORTB, 0
0x055A	0x00F1      	MOVWF      R1
0x055B	0x1871      	BTFSC      R1, 0
0x055C	0x2D5E      	GOTO       L_main42
0x055D	0x2D58      	GOTO       L_main41
L_main42:
;Elec_water.c,196 :: 		}
L_main40:
L_main39:
;Elec_water.c,199 :: 		if(Display_delay_Flag==1)     //the flag toggled every 1000ms so it flash the seven segment
0x055E	0x082E      	MOVF       _Display_delay_Flag, 0
0x055F	0x3A01      	XORLW      1
0x0560	0x1D03      	BTFSS      STATUS, 2
0x0561	0x2D66      	GOTO       L_main43
;Elec_water.c,201 :: 		{ SEGMENT_Display_2Digit(tempreture_set) ; }
0x0562	0x0830      	MOVF       _tempreture_set, 0
0x0563	0x00EE      	MOVWF      FARG_SEGMENT_Display_2Digit_num
0x0564	0x2447      	CALL       _SEGMENT_Display_2Digit
0x0565	0x2D67      	GOTO       L_main44
L_main43:
;Elec_water.c,203 :: 		else {Display_OFF();}
0x0566	0x2476      	CALL       _Display_OFF
L_main44:
;Elec_water.c,205 :: 		}
0x0567	0x2D2F      	GOTO       L_main32
L_main33:
;Elec_water.c,209 :: 		while((TempSet_Flag==1)&& Read_Bit(PORTB,ON_OFF_BUTTON )&& Read_Bit(PORTB,UP_Button) && Read_Bit(PORTB,DOWN_Button)) {
L_main45:
0x0568	0x082C      	MOVF       _TempSet_Flag, 0
0x0569	0x3A01      	XORLW      1
0x056A	0x1D03      	BTFSS      STATUS, 2
0x056B	0x2DCA      	GOTO       L_main46
0x056C	0x0806      	MOVF       PORTB, 0
0x056D	0x00F1      	MOVWF      R1
0x056E	0x0CF1      	RRF        R1, 1
0x056F	0x13F1      	BCF        R1, 7
0x0570	0x0CF1      	RRF        R1, 1
0x0571	0x13F1      	BCF        R1, 7
0x0572	0x1C71      	BTFSS      R1, 0
0x0573	0x2DCA      	GOTO       L_main46
0x0574	0x0806      	MOVF       PORTB, 0
0x0575	0x00F1      	MOVWF      R1
0x0576	0x0CF1      	RRF        R1, 1
0x0577	0x13F1      	BCF        R1, 7
0x0578	0x1C71      	BTFSS      R1, 0
0x0579	0x2DCA      	GOTO       L_main46
0x057A	0x0806      	MOVF       PORTB, 0
0x057B	0x00F1      	MOVWF      R1
0x057C	0x1C71      	BTFSS      R1, 0
0x057D	0x2DCA      	GOTO       L_main46
L__main52:
;Elec_water.c,211 :: 		Temp_Setting=Temp_Setting_OFF;
0x057E	0x01B2      	CLRF       _Temp_Setting
;Elec_water.c,212 :: 		cnt_5s_Flag=0;
0x057F	0x01CF      	CLRF       _cnt_5s_Flag
0x0580	0x01D0      	CLRF       _cnt_5s_Flag+1
;Elec_water.c,213 :: 		Enable_Timer0_Interrupt();    //enable interrupt
0x0581	0x23CE      	CALL       _Enable_Timer0_Interrupt
;Elec_water.c,216 :: 		if (Temp_Read_Flag==1){        // if flag " Temp_Read_Flag" set by the interrupt every 100ms read the water temp
0x0582	0x082D      	MOVF       _Temp_Read_Flag, 0
0x0583	0x3A01      	XORLW      1
0x0584	0x1D03      	BTFSS      STATUS, 2
0x0585	0x2D94      	GOTO       L_main49
;Elec_water.c,217 :: 		TMR0 = 155;                 //restart count the 100ms
0x0586	0x309B      	MOVLW      155
0x0587	0x0081      	MOVWF      TMR0
;Elec_water.c,218 :: 		cnt_Temp_Read_Flag=0;
0x0588	0x01AB      	CLRF       _cnt_Temp_Read_Flag
;Elec_water.c,220 :: 		Temp_Read_Flag=0;            // clear the flag to just waiting the by the interrupt
0x0589	0x01AD      	CLRF       _Temp_Read_Flag
;Elec_water.c,222 :: 		Water_Temp = Temp_calc();    // read the ADC register
0x058A	0x2487      	CALL       _Temp_calc
0x058B	0x0870      	MOVF       R0, 0
0x058C	0x00D1      	MOVWF      _Water_Temp
0x058D	0x0871      	MOVF       R0+1, 0
0x058E	0x00D2      	MOVWF      _Water_Temp+1
;Elec_water.c,224 :: 		Temp_push( Water_Temp);      // push the value to an array to calculate the avrage
0x058F	0x0870      	MOVF       R0, 0
0x0590	0x00EE      	MOVWF      FARG_Temp_push_Current_water_temp
0x0591	0x0871      	MOVF       R0+1, 0
0x0592	0x00EF      	MOVWF      FARG_Temp_push_Current_water_temp+1
0x0593	0x23AF      	CALL       _Temp_push
;Elec_water.c,225 :: 		}
L_main49:
;Elec_water.c,227 :: 		Water_Temp_Avg=(u8)Calculate_Temp_Avg();               //calculate the avg of 10 reads //the array start with 0 initial values
0x0594	0x236F      	CALL       _Calculate_Temp_Avg
0x0595	0x0870      	MOVF       R0, 0
0x0596	0x00D3      	MOVWF      _Water_Temp_Avg
0x0597	0x01D4      	CLRF       _Water_Temp_Avg+1
;Elec_water.c,229 :: 		if( ((Water_Temp_Avg)+5) < tempreture_set){
0x0598	0x3005      	MOVLW      5
0x0599	0x0753      	ADDWF      _Water_Temp_Avg, 0
0x059A	0x00F1      	MOVWF      R1
0x059B	0x0854      	MOVF       _Water_Temp_Avg+1, 0
0x059C	0x1803      	BTFSC      STATUS, 0
0x059D	0x3E01      	ADDLW      1
0x059E	0x00F2      	MOVWF      R1+1
0x059F	0x3000      	MOVLW      0
0x05A0	0x0272      	SUBWF      R1+1, 0
0x05A1	0x1D03      	BTFSS      STATUS, 2
0x05A2	0x2DA5      	GOTO       L__main64
0x05A3	0x0830      	MOVF       _tempreture_set, 0
0x05A4	0x0271      	SUBWF      R1, 0
L__main64:
0x05A5	0x1803      	BTFSC      STATUS, 0
0x05A6	0x2DAA      	GOTO       L_main50
;Elec_water.c,230 :: 		flag_heat_element_on=1;                      // set the flag  to flash the led
0x05A7	0x3001      	MOVLW      1
0x05A8	0x00CE      	MOVWF      _flag_heat_element_on
;Elec_water.c,231 :: 		HeaterON();                              //open heater
0x05A9	0x23C9      	CALL       _HeaterON
;Elec_water.c,232 :: 		}
L_main50:
;Elec_water.c,234 :: 		if( ((Water_Temp_Avg)-5) >  tempreture_set ) {
0x05AA	0x3005      	MOVLW      5
0x05AB	0x0253      	SUBWF      _Water_Temp_Avg, 0
0x05AC	0x00F1      	MOVWF      R1
0x05AD	0x3000      	MOVLW      0
0x05AE	0x1C03      	BTFSS      STATUS, 0
0x05AF	0x3E01      	ADDLW      1
0x05B0	0x0254      	SUBWF      _Water_Temp_Avg+1, 0
0x05B1	0x00F2      	MOVWF      R1+1
0x05B2	0x0872      	MOVF       R1+1, 0
0x05B3	0x3C00      	SUBLW      0
0x05B4	0x1D03      	BTFSS      STATUS, 2
0x05B5	0x2DB8      	GOTO       L__main65
0x05B6	0x0871      	MOVF       R1, 0
0x05B7	0x0230      	SUBWF      _tempreture_set, 0
L__main65:
0x05B8	0x1803      	BTFSC      STATUS, 0
0x05B9	0x2DBD      	GOTO       L_main51
;Elec_water.c,235 :: 		flag_heat_element_on=0;
0x05BA	0x01CE      	CLRF       _flag_heat_element_on
;Elec_water.c,236 :: 		Cooler_ON();
0x05BB	0x23E4      	CALL       _Cooler_ON
;Elec_water.c,237 :: 		SET_BIT(PORTB,HEATER_LED);                     //open the led
0x05BC	0x1606      	BSF        PORTB, 4
;Elec_water.c,238 :: 		}
L_main51:
;Elec_water.c,242 :: 		SEGMENT_Display_2Digit(Water_Temp/10) ;
0x05BD	0x300A      	MOVLW      10
0x05BE	0x00F4      	MOVWF      R4
0x05BF	0x3000      	MOVLW      0
0x05C0	0x00F5      	MOVWF      R4+1
0x05C1	0x0851      	MOVF       _Water_Temp, 0
0x05C2	0x00F0      	MOVWF      R0
0x05C3	0x0852      	MOVF       _Water_Temp+1, 0
0x05C4	0x00F1      	MOVWF      R0+1
0x05C5	0x22D1      	CALL       _Div_16X16_U
0x05C6	0x0870      	MOVF       R0, 0
0x05C7	0x00EE      	MOVWF      FARG_SEGMENT_Display_2Digit_num
0x05C8	0x2447      	CALL       _SEGMENT_Display_2Digit
;Elec_water.c,244 :: 		}
0x05C9	0x2D68      	GOTO       L_main45
L_main46:
;Elec_water.c,246 :: 		}
L_main22:
;Elec_water.c,249 :: 		}
0x05CA	0x2CE6      	GOTO       L_main16
L_main17:
;Elec_water.c,251 :: 		}
0x05CB	0x2CC7      	GOTO       L_main8
;Elec_water.c,256 :: 		}
L_end_main:
0x05CC	0x2DCC      	GOTO       $+0
; end of _main
0x0606	0x302B      	MOVLW      43
0x0607	0x0084      	MOVWF      FSR
0x0608	0x3023      	MOVLW      35
0x0609	0x1283      	BCF        STATUS, 5
0x060A	0x1303      	BCF        STATUS, 6
0x060B	0x00F0      	MOVWF      R0
0x060C	0x30D2      	MOVLW      210
0x060D	0x00EA      	MOVWF      ___DoICPAddr
0x060E	0x3005      	MOVLW      5
0x060F	0x00EB      	MOVWF      107
0x0610	0x247B      	CALL       1147
0x0611	0x0008      	RETURN
;Elec_water.c,0 :: ?ICS_cnt_Temp_Read_Flag
0x05D2	0x3400 ;?ICS_cnt_Temp_Read_Flag+0
; end of ?ICS_cnt_Temp_Read_Flag
;Elec_water.c,0 :: ?ICS_TempSet_Flag
0x05D3	0x3401 ;?ICS_TempSet_Flag+0
; end of ?ICS_TempSet_Flag
;Elec_water.c,0 :: ?ICS_Temp_Read_Flag
0x05D4	0x3401 ;?ICS_Temp_Read_Flag+0
; end of ?ICS_Temp_Read_Flag
;Elec_water.c,0 :: ?ICS_Display_delay_Flag
0x05D5	0x3400 ;?ICS_Display_delay_Flag+0
; end of ?ICS_Display_delay_Flag
;Elec_water.c,0 :: ?ICS_heater_state
0x05D6	0x3400 ;?ICS_heater_state+0
; end of ?ICS_heater_state
;Elec_water.c,0 :: ?ICS_tempreture_set
0x05D7	0x343C ;?ICS_tempreture_set+0
; end of ?ICS_tempreture_set
;Elec_water.c,0 :: ?ICS_flag_Heater_OFF
0x05D8	0x3401 ;?ICS_flag_Heater_OFF+0
; end of ?ICS_flag_Heater_OFF
;Elec_water.c,0 :: ?ICS_Temp_Setting
0x05D9	0x3400 ;?ICS_Temp_Setting+0
; end of ?ICS_Temp_Setting
;Elec_water.c,0 :: ?ICS_HEAT_Read_Flag
0x05DA	0x3400 ;?ICS_HEAT_Read_Flag+0
0x05DB	0x3400 ;?ICS_HEAT_Read_Flag+1
; end of ?ICS_HEAT_Read_Flag
;Set_Temp.c,0 :: ?ICSSet_Temp_Avrage_push
0x05DC	0x3400 ;?ICSSet_Temp_Avrage_push+0
; end of ?ICSSet_Temp_Avrage_push
;Set_Temp.c,0 :: ?ICSSet_Temp_Temp_Avrage
0x05DD	0x3400 ;?ICSSet_Temp_Temp_Avrage+0
0x05DE	0x3400 ;?ICSSet_Temp_Temp_Avrage+1
0x05DF	0x3400 ;?ICSSet_Temp_Temp_Avrage+2
0x05E0	0x3400 ;?ICSSet_Temp_Temp_Avrage+3
0x05E1	0x3400 ;?ICSSet_Temp_Temp_Avrage+4
0x05E2	0x3400 ;?ICSSet_Temp_Temp_Avrage+5
0x05E3	0x3400 ;?ICSSet_Temp_Temp_Avrage+6
0x05E4	0x3400 ;?ICSSet_Temp_Temp_Avrage+7
0x05E5	0x3400 ;?ICSSet_Temp_Temp_Avrage+8
0x05E6	0x3400 ;?ICSSet_Temp_Temp_Avrage+9
0x05E7	0x3400 ;?ICSSet_Temp_Temp_Avrage+10
0x05E8	0x3400 ;?ICSSet_Temp_Temp_Avrage+11
0x05E9	0x3400 ;?ICSSet_Temp_Temp_Avrage+12
0x05EA	0x3400 ;?ICSSet_Temp_Temp_Avrage+13
0x05EB	0x3400 ;?ICSSet_Temp_Temp_Avrage+14
0x05EC	0x3400 ;?ICSSet_Temp_Temp_Avrage+15
0x05ED	0x3400 ;?ICSSet_Temp_Temp_Avrage+16
0x05EE	0x3400 ;?ICSSet_Temp_Temp_Avrage+17
0x05EF	0x3400 ;?ICSSet_Temp_Temp_Avrage+18
0x05F0	0x3400 ;?ICSSet_Temp_Temp_Avrage+19
; end of ?ICSSet_Temp_Temp_Avrage
;__Lib_I2C_c34.c,0 :: ?ICS__Lib_I2C_c34__I2C1_TIMEOUT
0x05F1	0x3400 ;?ICS__Lib_I2C_c34__I2C1_TIMEOUT+0
0x05F2	0x3400 ;?ICS__Lib_I2C_c34__I2C1_TIMEOUT+1
0x05F3	0x3400 ;?ICS__Lib_I2C_c34__I2C1_TIMEOUT+2
0x05F4	0x3400 ;?ICS__Lib_I2C_c34__I2C1_TIMEOUT+3
; end of ?ICS__Lib_I2C_c34__I2C1_TIMEOUT
;sevenSeg.c,4 :: _table
0x05F5	0x343F ;_table+0
0x05F6	0x3406 ;_table+1
0x05F7	0x345B ;_table+2
0x05F8	0x344F ;_table+3
0x05F9	0x3466 ;_table+4
0x05FA	0x346D ;_table+5
0x05FB	0x347D ;_table+6
0x05FC	0x3407 ;_table+7
0x05FD	0x34FF ;_table+8
0x05FE	0x34EF ;_table+9
0x05FF	0x3400 ;_table+10
0x0600	0x3400 ;_table+11
0x0601	0x3400 ;_table+12
0x0602	0x3400 ;_table+13
0x0603	0x3400 ;_table+14
0x0604	0x3400 ;_table+15
; end of _table
Symbol List:
//** Routines locations **
//ADDRESS    SIZE    PROCEDURE
//----------------------------------------------
0x0004     [155]    _interrupt
0x009F      [13]    _SPI1_Write
0x00AC       [7]    _____DoIFC
0x00B3      [16]    _I2C1_Is_Idle
0x00C3      [95]    _I2C1_Start
0x0122     [134]    _I2C1_Wr
0x01A8     [143]    _I2C1_Rd
0x0237       [4]    _I2C1_Stop
0x023B      [65]    _E2PROM_Read
0x027C       [7]    _____DoICP
0x0283      [55]    _Mul_32x32_U
0x02BA      [23]    _display7s
0x02D1      [29]    _Div_16X16_U
0x02EE      [17]    _Div_8X8_U
0x02FF      [69]    _E2PROM_Write
0x0344      [43]    _ADC_Read
0x036F      [64]    _Calculate_Temp_Avg
0x03AF      [21]    _Temp_push
0x03C4       [5]    _Timer0_Init
0x03C9       [5]    _HeaterON
0x03CE       [3]    _Enable_Timer0_Interrupt
0x03D1      [19]    _Temp_Inc
0x03E4       [5]    _Cooler_ON
0x03E9       [6]    _Cooler_Heater_OFF
0x03EF      [10]    _DIO_Inti
0x03F9      [53]    _I2C1_Init
0x042E       [6]    _ADC_Start_Conv
0x0434      [19]    _Temp_Dec
0x0447      [47]    _SEGMENT_Display_2Digit
0x0476       [5]    _Display_OFF
0x047B      [12]    ___CC2DW
0x0487      [38]    _Temp_calc
0x04AD       [8]    _ADC_Init
0x04B5     [279]    _main
//** Variables locations ** 
//ADDRESS    SIZE    VARIABLE
//----------------------------------------------
0x0000       [1]    INDF
0x0001       [1]    TMR0
0x0002       [1]    PCL
0x0003       [1]    STATUS
0x0004       [1]    FSR
0x0005       [1]    PORTA
0x0006       [1]    PORTB
0x0007       [1]    PORTC
0x0008       [1]    PORTD
0x000A       [1]    PCLATH
0x000B       [1]    INTCON
0x000C       [1]    PIR1
0x0013       [1]    SSPBUF
0x0014       [1]    SSPCON
0x001E       [1]    ADRESH
0x001F       [1]    ADCON0
0x0028       [1]    FARG_I2C1_Rd_ack
0x0029       [1]    FARG_I2C1_Wr_data_
0x002A       [1]    FARG_SPI1_Write_data_
0x002B       [1]    _cnt_Temp_Read_Flag
0x002C       [1]    _TempSet_Flag
0x002D       [1]    _Temp_Read_Flag
0x002E       [1]    _Display_delay_Flag
0x002F       [1]    _heater_state
0x0030       [1]    _tempreture_set
0x0031       [1]    _flag_Heater_OFF
0x0032       [1]    _Temp_Setting
0x0033       [2]    _HEAT_Read_Flag
0x0035       [1]    Set_Temp_Avrage_push
0x0036      [20]    Set_Temp_Temp_Avrage
0x004A       [4]    __Lib_I2C_c34__I2C1_TIMEOUT
0x004E       [1]    _flag_heat_element_on
0x004F       [2]    _cnt_5s_Flag
0x0051       [2]    _Water_Temp
0x0053       [2]    _Water_Temp_Avg
0x0055       [3]    _I2C_Read_Ptr
0x0058       [3]    _I2C_Restart_Ptr
0x005B       [3]    _I2C_Write_Ptr
0x005E       [3]    _I2C_Stop_Ptr
0x0061       [3]    _I2C_Start_Ptr
0x0064       [3]    _I2C_Is_Idle_Ptr
0x0067       [3]    _I2C1_Timeout_Ptr
0x006A       [2]    ___DoICPAddr
0x006C       [1]    ___saveSTATUS
0x006D       [1]    ___savePCLATH
0x006E       [2]    FARG_Temp_push_Current_water_temp
0x006E       [1]    FARG_SEGMENT_Display_2Digit_num
0x0070       [1]    R0
0x0071       [1]    R1
0x0072       [1]    R2
0x0073       [1]    R3
0x0074       [1]    R4
0x0075       [1]    R5
0x0076       [1]    R6
0x0077       [1]    R7
0x0078       [1]    R8
0x0079       [1]    R9
0x007A       [1]    R10
0x007B       [1]    R11
0x007C       [1]    R12
0x007D       [1]    R13
0x007E       [1]    R14
0x007F       [1]    R15
0x0081       [1]    OPTION_REG
0x0085       [1]    TRISA
0x0086       [1]    TRISB
0x0087       [1]    TRISC
0x0087       [0]    TRISC3_bit
0x0087       [0]    TRISC4_bit
0x0088       [1]    TRISD
0x0091       [1]    SSPCON2
0x0093       [1]    SSPADD
0x0094       [1]    SSPSTAT
0x009E       [1]    ADRESL
0x009F       [1]    ADCON1
0x00A0       [4]    FARG_I2C1_Init_clock
0x00A4       [1]    FARG_display7s_v
0x00A4       [2]    FARG_E2PROM_Write_addr
0x00A6       [1]    FARG_E2PROM_Write_val
0x00A7       [2]    E2PROM_Write_tmp_L0
0x00A9       [1]    E2PROM_Write_ah_L0
0x00AA       [1]    E2PROM_Write_al_L0
0x00AB       [1]    E2PROM_Write_nt_L0
0x00AC       [2]    FARG_E2PROM_Read_addr
0x00AE       [1]    E2PROM_Read_ret_L0
0x00AF       [1]    E2PROM_Read_ah_L0
0x00B0       [1]    E2PROM_Read_al_L0
0x00B1       [1]    I2C1_Rd_tmp_L0
0x00B1       [4]    I2C1_Wr_timeout_L0
0x00B1       [2]    I2C1_Start_j_L0
0x00B2       [4]    I2C1_Rd_timeout_L0
0x00B3       [4]    I2C1_Start_timeout_L0
//** Constants locations ** 
//ADDRESS    SIZE    CONSTANT
//----------------------------------------------
0x05D2       [1]    ?ICS_cnt_Temp_Read_Flag
0x05D3       [1]    ?ICS_TempSet_Flag
0x05D4       [1]    ?ICS_Temp_Read_Flag
0x05D5       [1]    ?ICS_Display_delay_Flag
0x05D6       [1]    ?ICS_heater_state
0x05D7       [1]    ?ICS_tempreture_set
0x05D8       [1]    ?ICS_flag_Heater_OFF
0x05D9       [1]    ?ICS_Temp_Setting
0x05DA       [2]    ?ICS_HEAT_Read_Flag
0x05DC       [1]    ?ICSSet_Temp_Avrage_push
0x05DD      [20]    ?ICSSet_Temp_Temp_Avrage
0x05F1       [4]    ?ICS__Lib_I2C_c34__I2C1_TIMEOUT
0x05F5      [16]    _table
